['INFO ]2025-02-19 19:26:51,134(yyyy-MM-ddHH:mm:ss.SSS][main]utils.LoggerLoad1)-Admin clicks on login btn
['INFO ]2025-02-19 20:28:58,468(yyyy-MM-ddHH:mm:ss.SSS][main]utils.LoggerLoad1)-Admin is on home page after Login
['INFO ]2025-02-19 20:55:24,449(yyyy-MM-ddHH:mm:ss.SSS][main]utils.LoggerLoad1)-Admin clicks on login btn
['INFO ]2025-02-19 20:55:24,812(yyyy-MM-ddHH:mm:ss.SSS][main]utils.LoggerLoad1)-Admin is on home page after Login
['INFO ]2025-02-19 21:11:14,085(yyyy-MM-ddHH:mm:ss.SSS][main]utils.LoggerLoad1)-Admin clicks on login btn
['INFO ]2025-02-19 21:11:14,443(yyyy-MM-ddHH:mm:ss.SSS][main]utils.LoggerLoad1)-Admin is on home page after Login
['INFO ]2025-02-19 21:23:18,074(yyyy-MM-ddHH:mm:ss.SSS][main]utils.LoggerLoad1)-Admin is on home page after Login
['ERROR]2025-02-19 21:23:18,939(yyyy-MM-ddHH:mm:ss.SSS][main]io.qameta.allure.AllureLifecycle1)-Could not add attachment: no test is running
['INFO ]2025-02-19 21:34:51,365(yyyy-MM-ddHH:mm:ss.SSS][main]utils.LoggerLoad1)-Admin clicks on login btn
['INFO ]2025-02-19 21:34:51,673(yyyy-MM-ddHH:mm:ss.SSS][main]utils.LoggerLoad1)-Admin is on home page after Login
['INFO ]2025-02-19 22:06:27,350(yyyy-MM-ddHH:mm:ss.SSS][main]utils.LoggerLoad1)-Admin is on home page after Login
['ERROR]2025-02-19 22:06:28,526(yyyy-MM-ddHH:mm:ss.SSS][main]io.qameta.allure.AllureLifecycle1)-Could not add attachment: no test is running
['ERROR]2025-02-19 22:06:28,976(yyyy-MM-ddHH:mm:ss.SSS][main]io.qameta.allure.AllureLifecycle1)-Could not add attachment: no test is running
['INFO ]2025-02-19 22:15:54,494(yyyy-MM-ddHH:mm:ss.SSS][main]utils.LoggerLoad1)-Admin clicks on login btn
['INFO ]2025-02-19 22:15:55,050(yyyy-MM-ddHH:mm:ss.SSS][main]utils.LoggerLoad1)-Admin is on home page after Login
['INFO ]2025-02-19 22:34:24,377(yyyy-MM-ddHH:mm:ss.SSS][main]utils.LoggerLoad1)-Admin is on home page after Login
['ERROR]2025-02-19 22:34:25,311(yyyy-MM-ddHH:mm:ss.SSS][main]io.qameta.allure.AllureLifecycle1)-Could not add attachment: no test is running
['ERROR]2025-02-19 22:34:25,667(yyyy-MM-ddHH:mm:ss.SSS][main]io.qameta.allure.AllureLifecycle1)-Could not add attachment: no test is running
['ERROR]2025-02-19 22:34:26,017(yyyy-MM-ddHH:mm:ss.SSS][main]io.qameta.allure.AllureLifecycle1)-Could not add attachment: no test is running
['INFO ]2025-02-19 22:50:39,666(yyyy-MM-ddHH:mm:ss.SSS][main]utils.LoggerLoad1)-Admin clicks on login btn
['INFO ]2025-02-19 22:50:40,030(yyyy-MM-ddHH:mm:ss.SSS][main]utils.LoggerLoad1)-Admin is on home page after Login
['INFO ]2025-02-19 22:54:49,176(yyyy-MM-ddHH:mm:ss.SSS][main]utils.LoggerLoad1)-Admin is on home page after Login
['ERROR]2025-02-19 22:54:49,998(yyyy-MM-ddHH:mm:ss.SSS][main]io.qameta.allure.AllureLifecycle1)-Could not add attachment: no test is running
['ERROR]2025-02-19 22:54:50,330(yyyy-MM-ddHH:mm:ss.SSS][main]io.qameta.allure.AllureLifecycle1)-Could not add attachment: no test is running
['ERROR]2025-02-19 22:54:50,672(yyyy-MM-ddHH:mm:ss.SSS][main]io.qameta.allure.AllureLifecycle1)-Could not add attachment: no test is running
['ERROR]2025-02-19 22:54:50,958(yyyy-MM-ddHH:mm:ss.SSS][main]io.qameta.allure.AllureLifecycle1)-Could not add attachment: no test is running
['INFO ]2025-02-19 23:09:29,312(yyyy-MM-ddHH:mm:ss.SSS][main]utils.LoggerLoad1)-Admin clicks on login btn
['INFO ]2025-02-19 23:09:29,742(yyyy-MM-ddHH:mm:ss.SSS][main]utils.LoggerLoad1)-Admin is on home page after Login
['INFO ]2025-02-20 08:30:06,722(yyyy-MM-ddHH:mm:ss.SSS][main]utils.LoggerLoad1)-Admin clicks on login btn
['INFO ]2025-02-20 08:30:07,165(yyyy-MM-ddHH:mm:ss.SSS][main]utils.LoggerLoad1)-Admin is on home page after Login
['INFO ]2025-02-20 08:31:39,405(yyyy-MM-ddHH:mm:ss.SSS][main]utils.LoggerLoad1)-Admin clicks on login btn
['INFO ]2025-02-20 08:31:39,730(yyyy-MM-ddHH:mm:ss.SSS][main]utils.LoggerLoad1)-Admin is on home page after Login
['INFO ]2025-02-20 08:33:11,346(yyyy-MM-ddHH:mm:ss.SSS][main]utils.LoggerLoad1)-Admin clicks on login btn
['INFO ]2025-02-20 08:33:12,007(yyyy-MM-ddHH:mm:ss.SSS][main]utils.LoggerLoad1)-Admin is on home page after Login
['INFO ]2025-02-20 08:34:17,404(yyyy-MM-ddHH:mm:ss.SSS][main]utils.LoggerLoad1)-Admin clicks on login btn
['INFO ]2025-02-20 08:34:17,901(yyyy-MM-ddHH:mm:ss.SSS][main]utils.LoggerLoad1)-Admin is on home page after Login
['INFO ]2025-02-20 08:37:02,767(yyyy-MM-ddHH:mm:ss.SSS][main]utils.LoggerLoad1)-Admin clicks on login btn
['INFO ]2025-02-20 08:37:03,204(yyyy-MM-ddHH:mm:ss.SSS][main]utils.LoggerLoad1)-Admin is on home page after Login
['INFO ]2025-02-20 08:40:30,014(yyyy-MM-ddHH:mm:ss.SSS][main]utils.LoggerLoad1)-Admin clicks on login btn
['INFO ]2025-02-20 08:40:30,348(yyyy-MM-ddHH:mm:ss.SSS][main]utils.LoggerLoad1)-Admin is on home page after Login
['INFO ]2025-02-20 08:42:40,970(yyyy-MM-ddHH:mm:ss.SSS][main]utils.LoggerLoad1)-Admin clicks on login btn
['INFO ]2025-02-20 08:42:41,480(yyyy-MM-ddHH:mm:ss.SSS][main]utils.LoggerLoad1)-Admin is on home page after Login
['INFO ]2025-02-20 08:44:09,782(yyyy-MM-ddHH:mm:ss.SSS][main]utils.LoggerLoad1)-Admin clicks on login btn
['INFO ]2025-02-20 08:44:10,073(yyyy-MM-ddHH:mm:ss.SSS][main]utils.LoggerLoad1)-Admin is on home page after Login
['INFO ]2025-02-20 08:45:01,942(yyyy-MM-ddHH:mm:ss.SSS][main]utils.LoggerLoad1)-Admin clicks on login btn
['INFO ]2025-02-20 08:45:02,367(yyyy-MM-ddHH:mm:ss.SSS][main]utils.LoggerLoad1)-Admin is on home page after Login
['INFO ]2025-02-20 08:50:22,098(yyyy-MM-ddHH:mm:ss.SSS][main]utils.LoggerLoad1)-Admin is on home page after Login
['ERROR]2025-02-20 08:50:23,065(yyyy-MM-ddHH:mm:ss.SSS][main]io.qameta.allure.AllureLifecycle1)-Could not add attachment: no test is running
['INFO ]2025-02-20 08:52:01,491(yyyy-MM-ddHH:mm:ss.SSS][main]utils.LoggerLoad1)-Admin clicks on login btn
['INFO ]2025-02-20 08:52:01,869(yyyy-MM-ddHH:mm:ss.SSS][main]utils.LoggerLoad1)-Admin is on home page after Login
['INFO ]2025-02-20 08:52:04,707(yyyy-MM-ddHH:mm:ss.SSS][main]utils.LoggerLoad1)-Admin is on home page after Login
['INFO ]2025-02-20 08:53:19,824(yyyy-MM-ddHH:mm:ss.SSS][main]utils.LoggerLoad1)-Admin is on home page after Login
['ERROR]2025-02-20 08:53:20,610(yyyy-MM-ddHH:mm:ss.SSS][main]io.qameta.allure.AllureLifecycle1)-Could not add attachment: no test is running
['INFO ]2025-02-20 08:54:01,831(yyyy-MM-ddHH:mm:ss.SSS][main]utils.LoggerLoad1)-Admin is on home page after Login
['ERROR]2025-02-20 08:54:02,650(yyyy-MM-ddHH:mm:ss.SSS][main]io.qameta.allure.AllureLifecycle1)-Could not add attachment: no test is running
['INFO ]2025-02-20 08:55:20,253(yyyy-MM-ddHH:mm:ss.SSS][main]utils.LoggerLoad1)-Admin clicks on login btn
['INFO ]2025-02-20 08:55:20,805(yyyy-MM-ddHH:mm:ss.SSS][main]utils.LoggerLoad1)-Admin is on home page after Login
['INFO ]2025-02-20 08:55:23,343(yyyy-MM-ddHH:mm:ss.SSS][main]utils.LoggerLoad1)-Admin is on home page after Login
['INFO ]2025-02-20 08:59:57,768(yyyy-MM-ddHH:mm:ss.SSS][main]utils.LoggerLoad1)-Admin clicks on login btn
['INFO ]2025-02-20 08:59:58,175(yyyy-MM-ddHH:mm:ss.SSS][main]utils.LoggerLoad1)-Admin is on home page after Login
['INFO ]2025-02-20 13:29:29,015(yyyy-MM-ddHH:mm:ss.SSS][main]utils.LoggerLoad1)-Admin clicks on login btn
['INFO ]2025-02-20 13:29:30,297(yyyy-MM-ddHH:mm:ss.SSS][main]utils.LoggerLoad1)-Admin is on home page after Login
['INFO ]2025-02-20 13:54:13,211(yyyy-MM-ddHH:mm:ss.SSS][main]utils.LoggerLoad1)-Admin clicks on login btn
['INFO ]2025-02-20 13:54:13,816(yyyy-MM-ddHH:mm:ss.SSS][main]utils.LoggerLoad1)-Admin is on home page after Login
['INFO ]2025-02-20 13:54:18,660(yyyy-MM-ddHH:mm:ss.SSS][main]utils.LoggerLoad1)-Admin is on home page after Login
['INFO ]2025-02-20 18:12:47,836(yyyy-MM-ddHH:mm:ss.SSS][main]utils.LoggerLoad1)-Admin clicks on login btn
['INFO ]2025-02-20 18:12:48,341(yyyy-MM-ddHH:mm:ss.SSS][main]utils.LoggerLoad1)-Admin is on home page after Login
['INFO ]2025-02-20 18:12:52,297(yyyy-MM-ddHH:mm:ss.SSS][main]utils.LoggerLoad1)-Admin is on home page after Login
['INFO ]2025-02-20 18:19:30,507(yyyy-MM-ddHH:mm:ss.SSS][main]utils.LoggerLoad1)-Admin clicks on login btn
['INFO ]2025-02-20 18:19:31,230(yyyy-MM-ddHH:mm:ss.SSS][main]utils.LoggerLoad1)-Admin is on home page after Login
['INFO ]2025-02-20 18:19:35,040(yyyy-MM-ddHH:mm:ss.SSS][main]utils.LoggerLoad1)-Admin is on home page after Login
['INFO ]2025-02-20 19:25:22,326(yyyy-MM-ddHH:mm:ss.SSS][main]utils.LoggerLoad1)-Admin clicks on login btn
['INFO ]2025-02-20 19:25:23,288(yyyy-MM-ddHH:mm:ss.SSS][main]utils.LoggerLoad1)-Admin is on home page after Login
['INFO ]2025-02-20 19:25:27,296(yyyy-MM-ddHH:mm:ss.SSS][main]utils.LoggerLoad1)-Admin is on home page after Login
['INFO ]2025-02-20 19:26:29,820(yyyy-MM-ddHH:mm:ss.SSS][main]utils.LoggerLoad1)-Admin clicks on login btn
['INFO ]2025-02-20 19:26:30,315(yyyy-MM-ddHH:mm:ss.SSS][main]utils.LoggerLoad1)-Admin is on home page after Login
['INFO ]2025-02-20 19:26:34,042(yyyy-MM-ddHH:mm:ss.SSS][main]utils.LoggerLoad1)-Admin is on home page after Login
['INFO ]2025-02-20 19:42:54,312(yyyy-MM-ddHH:mm:ss.SSS][main]utils.LoggerLoad1)-Admin clicks on login btn
['INFO ]2025-02-20 19:42:54,676(yyyy-MM-ddHH:mm:ss.SSS][main]utils.LoggerLoad1)-Admin is on home page after Login
['INFO ]2025-02-20 19:42:58,955(yyyy-MM-ddHH:mm:ss.SSS][main]utils.LoggerLoad1)-Admin is on home page after Login
['INFO ]2025-02-20 20:14:57,095(yyyy-MM-ddHH:mm:ss.SSS][main]utils.LoggerLoad1)-Admin clicks on login btn
['INFO ]2025-02-20 20:14:57,729(yyyy-MM-ddHH:mm:ss.SSS][main]utils.LoggerLoad1)-Admin is on home page after Login
['INFO ]2025-02-20 20:15:01,498(yyyy-MM-ddHH:mm:ss.SSS][main]utils.LoggerLoad1)-Admin is on home page after Login
['INFO ]2025-02-20 20:36:22,599(yyyy-MM-ddHH:mm:ss.SSS][main]utils.LoggerLoad1)-Admin clicks on login btn
['INFO ]2025-02-20 20:36:23,055(yyyy-MM-ddHH:mm:ss.SSS][main]utils.LoggerLoad1)-Admin is on home page after Login
['INFO ]2025-02-20 20:36:26,758(yyyy-MM-ddHH:mm:ss.SSS][main]utils.LoggerLoad1)-Admin is on home page after Login
['INFO ]2025-02-20 20:55:53,002(yyyy-MM-ddHH:mm:ss.SSS][main]utils.LoggerLoad1)-Admin clicks on login btn
['INFO ]2025-02-20 20:55:53,391(yyyy-MM-ddHH:mm:ss.SSS][main]utils.LoggerLoad1)-Admin is on home page after Login
['INFO ]2025-02-20 20:56:17,596(yyyy-MM-ddHH:mm:ss.SSS][main]utils.LoggerLoad1)-Admin is on home page after Login
['INFO ]2025-02-20 21:08:04,644(yyyy-MM-ddHH:mm:ss.SSS][main]utils.LoggerLoad1)-Admin clicks on login btn
['INFO ]2025-02-20 21:08:05,041(yyyy-MM-ddHH:mm:ss.SSS][main]utils.LoggerLoad1)-Admin is on home page after Login
['INFO ]2025-02-20 21:08:29,797(yyyy-MM-ddHH:mm:ss.SSS][main]utils.LoggerLoad1)-Admin is on home page after Login
['INFO ]2025-02-20 21:11:18,127(yyyy-MM-ddHH:mm:ss.SSS][main]utils.LoggerLoad1)-Admin clicks on login btn
['INFO ]2025-02-20 21:11:18,514(yyyy-MM-ddHH:mm:ss.SSS][main]utils.LoggerLoad1)-Admin is on home page after Login
['INFO ]2025-02-20 21:11:23,438(yyyy-MM-ddHH:mm:ss.SSS][main]utils.LoggerLoad1)-Admin is on home page after Login
['INFO ]2025-02-20 21:17:42,546(yyyy-MM-ddHH:mm:ss.SSS][main]utils.LoggerLoad1)-Admin clicks on login btn
['INFO ]2025-02-20 21:17:43,186(yyyy-MM-ddHH:mm:ss.SSS][main]utils.LoggerLoad1)-Admin is on home page after Login
['INFO ]2025-02-20 21:17:48,310(yyyy-MM-ddHH:mm:ss.SSS][main]utils.LoggerLoad1)-Admin is on home page after Login
['INFO ]2025-02-20 21:27:18,978(yyyy-MM-ddHH:mm:ss.SSS][main]utils.LoggerLoad1)-Admin clicks on login btn
['INFO ]2025-02-20 21:27:19,447(yyyy-MM-ddHH:mm:ss.SSS][main]utils.LoggerLoad1)-Admin is on home page after Login
['INFO ]2025-02-20 21:27:23,723(yyyy-MM-ddHH:mm:ss.SSS][main]utils.LoggerLoad1)-Admin is on home page after Login
['INFO ]2025-02-21 10:27:05,824(yyyy-MM-ddHH:mm:ss.SSS][main]utils.LoggerLoad1)-Admin is on home page after Login
['ERROR]2025-02-21 10:27:06,641(yyyy-MM-ddHH:mm:ss.SSS][main]io.qameta.allure.AllureLifecycle1)-Could not add attachment: no test is running
['INFO ]2025-02-21 10:35:14,224(yyyy-MM-ddHH:mm:ss.SSS][main]utils.LoggerLoad1)-Admin clicks on login btn
['INFO ]2025-02-21 10:35:14,553(yyyy-MM-ddHH:mm:ss.SSS][main]utils.LoggerLoad1)-Admin is on home page after Login
['INFO ]2025-02-21 10:37:00,364(yyyy-MM-ddHH:mm:ss.SSS][main]utils.LoggerLoad1)-Admin is on home page after Login
['INFO ]2025-02-21 10:41:47,994(yyyy-MM-ddHH:mm:ss.SSS][main]utils.LoggerLoad1)-Admin clicks on login btn
['INFO ]2025-02-21 10:41:48,413(yyyy-MM-ddHH:mm:ss.SSS][main]utils.LoggerLoad1)-Admin is on home page after Login
['INFO ]2025-02-21 10:43:34,091(yyyy-MM-ddHH:mm:ss.SSS][main]utils.LoggerLoad1)-Admin is on home page after Login
['INFO ]2025-02-21 11:09:08,120(yyyy-MM-ddHH:mm:ss.SSS][main]utils.LoggerLoad1)-Admin clicks on login btn
['INFO ]2025-02-21 11:09:08,507(yyyy-MM-ddHH:mm:ss.SSS][main]utils.LoggerLoad1)-Admin is on home page after Login
['INFO ]2025-02-21 11:09:31,786(yyyy-MM-ddHH:mm:ss.SSS][main]utils.LoggerLoad1)-Admin is on home page after Login
['INFO ]2025-02-21 11:11:07,783(yyyy-MM-ddHH:mm:ss.SSS][main]utils.LoggerLoad1)-Admin clicks on login btn
['INFO ]2025-02-21 11:11:08,175(yyyy-MM-ddHH:mm:ss.SSS][main]utils.LoggerLoad1)-Admin is on home page after Login
['INFO ]2025-02-21 11:11:10,320(yyyy-MM-ddHH:mm:ss.SSS][main]utils.LoggerLoad1)-Admin is on home page after Login
['INFO ]2025-02-21 11:22:52,001(yyyy-MM-ddHH:mm:ss.SSS][main]utils.LoggerLoad1)-Admin clicks on login btn
['INFO ]2025-02-21 11:22:52,356(yyyy-MM-ddHH:mm:ss.SSS][main]utils.LoggerLoad1)-Admin is on home page after Login
['INFO ]2025-02-21 11:22:55,021(yyyy-MM-ddHH:mm:ss.SSS][main]utils.LoggerLoad1)-Admin is on home page after Login
['INFO ]2025-02-21 18:52:13,808(yyyy-MM-ddHH:mm:ss.SSS][main]utils.LoggerLoad1)-Admin clicks on login btn
['INFO ]2025-02-21 18:52:14,141(yyyy-MM-ddHH:mm:ss.SSS][main]utils.LoggerLoad1)-Admin is on home page after Login
['INFO ]2025-02-21 18:52:16,293(yyyy-MM-ddHH:mm:ss.SSS][main]utils.LoggerLoad1)-Admin is on home page after Login
['INFO ]2025-02-21 18:54:15,119(yyyy-MM-ddHH:mm:ss.SSS][main]utils.LoggerLoad1)-Admin clicks on login btn
['INFO ]2025-02-21 18:54:15,502(yyyy-MM-ddHH:mm:ss.SSS][main]utils.LoggerLoad1)-Admin is on home page after Login
['INFO ]2025-02-21 18:54:17,809(yyyy-MM-ddHH:mm:ss.SSS][main]utils.LoggerLoad1)-Admin is on home page after Login
['INFO ]2025-02-21 18:57:45,004(yyyy-MM-ddHH:mm:ss.SSS][main]utils.LoggerLoad1)-Admin clicks on login btn
['INFO ]2025-02-21 18:57:45,319(yyyy-MM-ddHH:mm:ss.SSS][main]utils.LoggerLoad1)-Admin is on home page after Login
['INFO ]2025-02-21 18:57:47,439(yyyy-MM-ddHH:mm:ss.SSS][main]utils.LoggerLoad1)-Admin is on home page after Login
['INFO ]2025-02-21 19:45:27,084(yyyy-MM-ddHH:mm:ss.SSS][main]utils.LoggerLoad1)-Admin clicks on login btn
['INFO ]2025-02-21 19:45:27,485(yyyy-MM-ddHH:mm:ss.SSS][main]utils.LoggerLoad1)-Admin is on home page after Login
['INFO ]2025-02-21 19:45:30,133(yyyy-MM-ddHH:mm:ss.SSS][main]utils.LoggerLoad1)-Admin is on home page after Login
['INFO ]2025-02-21 19:46:49,964(yyyy-MM-ddHH:mm:ss.SSS][main]utils.LoggerLoad1)-Admin clicks on login btn
['INFO ]2025-02-21 19:46:50,268(yyyy-MM-ddHH:mm:ss.SSS][main]utils.LoggerLoad1)-Admin is on home page after Login
['INFO ]2025-02-21 19:46:52,447(yyyy-MM-ddHH:mm:ss.SSS][main]utils.LoggerLoad1)-Admin is on home page after Login
['INFO ]2025-02-21 19:57:15,197(yyyy-MM-ddHH:mm:ss.SSS][main]utils.LoggerLoad1)-Admin is on home page after Login
['ERROR]2025-02-21 19:57:16,401(yyyy-MM-ddHH:mm:ss.SSS][main]io.qameta.allure.AllureLifecycle1)-Could not add attachment: no test is running
['ERROR]2025-02-21 19:57:16,775(yyyy-MM-ddHH:mm:ss.SSS][main]io.qameta.allure.AllureLifecycle1)-Could not add attachment: no test is running
['ERROR]2025-02-21 19:57:17,121(yyyy-MM-ddHH:mm:ss.SSS][main]io.qameta.allure.AllureLifecycle1)-Could not add attachment: no test is running
['ERROR]2025-02-21 19:57:17,492(yyyy-MM-ddHH:mm:ss.SSS][main]io.qameta.allure.AllureLifecycle1)-Could not add attachment: no test is running
['ERROR]2025-02-21 19:57:17,860(yyyy-MM-ddHH:mm:ss.SSS][main]io.qameta.allure.AllureLifecycle1)-Could not add attachment: no test is running
['ERROR]2025-02-21 19:57:18,324(yyyy-MM-ddHH:mm:ss.SSS][main]io.qameta.allure.AllureLifecycle1)-Could not add attachment: no test is running
['INFO ]2025-02-21 20:30:25,042(yyyy-MM-ddHH:mm:ss.SSS][main]utils.LoggerLoad1)-Admin clicks on login btn
['INFO ]2025-02-21 20:30:25,297(yyyy-MM-ddHH:mm:ss.SSS][main]utils.LoggerLoad1)-Admin is on home page after Login
['INFO ]2025-02-21 20:30:28,567(yyyy-MM-ddHH:mm:ss.SSS][main]utils.LoggerLoad1)-Admin is on home page after Login
['INFO ]2025-02-21 20:33:52,962(yyyy-MM-ddHH:mm:ss.SSS][main]utils.LoggerLoad1)-Admin clicks on login btn
['INFO ]2025-02-21 20:33:53,343(yyyy-MM-ddHH:mm:ss.SSS][main]utils.LoggerLoad1)-Admin is on home page after Login
['INFO ]2025-02-21 20:33:56,785(yyyy-MM-ddHH:mm:ss.SSS][main]utils.LoggerLoad1)-Admin is on home page after Login
['INFO ]2025-02-21 20:40:46,725(yyyy-MM-ddHH:mm:ss.SSS][main]utils.LoggerLoad1)-Admin clicks on login btn
['INFO ]2025-02-21 20:40:46,999(yyyy-MM-ddHH:mm:ss.SSS][main]utils.LoggerLoad1)-Admin is on home page after Login
['INFO ]2025-02-21 20:40:50,459(yyyy-MM-ddHH:mm:ss.SSS][main]utils.LoggerLoad1)-Admin is on home page after Login
['INFO ]2025-02-21 20:52:01,384(yyyy-MM-ddHH:mm:ss.SSS][main]utils.LoggerLoad1)-Admin clicks on login btn
['INFO ]2025-02-21 20:52:01,714(yyyy-MM-ddHH:mm:ss.SSS][main]utils.LoggerLoad1)-Admin is on home page after Login
['INFO ]2025-02-21 20:52:04,246(yyyy-MM-ddHH:mm:ss.SSS][main]utils.LoggerLoad1)-Admin is on home page after Login
['INFO ]2025-02-21 20:54:05,155(yyyy-MM-ddHH:mm:ss.SSS][main]utils.LoggerLoad1)-Admin clicks on login btn
['INFO ]2025-02-21 20:54:05,707(yyyy-MM-ddHH:mm:ss.SSS][main]utils.LoggerLoad1)-Admin is on home page after Login
['INFO ]2025-02-21 20:54:07,987(yyyy-MM-ddHH:mm:ss.SSS][main]utils.LoggerLoad1)-Admin is on home page after Login
['INFO ]2025-02-21 21:22:32,805(yyyy-MM-ddHH:mm:ss.SSS][main]utils.LoggerLoad1)-Admin is on home page after Login
['ERROR]2025-02-21 21:22:33,597(yyyy-MM-ddHH:mm:ss.SSS][main]io.qameta.allure.AllureLifecycle1)-Could not add attachment: no test is running
['ERROR]2025-02-21 21:22:33,933(yyyy-MM-ddHH:mm:ss.SSS][main]io.qameta.allure.AllureLifecycle1)-Could not add attachment: no test is running
['ERROR]2025-02-21 21:22:34,263(yyyy-MM-ddHH:mm:ss.SSS][main]io.qameta.allure.AllureLifecycle1)-Could not add attachment: no test is running
['ERROR]2025-02-21 21:22:34,580(yyyy-MM-ddHH:mm:ss.SSS][main]io.qameta.allure.AllureLifecycle1)-Could not add attachment: no test is running
['ERROR]2025-02-21 21:22:34,859(yyyy-MM-ddHH:mm:ss.SSS][main]io.qameta.allure.AllureLifecycle1)-Could not add attachment: no test is running
['ERROR]2025-02-21 21:22:35,162(yyyy-MM-ddHH:mm:ss.SSS][main]io.qameta.allure.AllureLifecycle1)-Could not add attachment: no test is running
['INFO ]2025-02-21 21:44:23,569(yyyy-MM-ddHH:mm:ss.SSS][main]utils.LoggerLoad1)-Admin clicks on login btn
['INFO ]2025-02-21 21:44:23,907(yyyy-MM-ddHH:mm:ss.SSS][main]utils.LoggerLoad1)-Admin is on home page after Login
['INFO ]2025-02-21 21:44:26,401(yyyy-MM-ddHH:mm:ss.SSS][main]utils.LoggerLoad1)-Admin is on home page after Login
['INFO ]2025-02-21 22:34:59,047(yyyy-MM-ddHH:mm:ss.SSS][main]utils.LoggerLoad1)-Admin is on home page after Login
['INFO ]2025-02-21 22:34:59,132(yyyy-MM-ddHH:mm:ss.SSS][main]utils.LoggerLoad1)-Admin is on home page after Login
['ERROR]2025-02-21 22:35:01,195(yyyy-MM-ddHH:mm:ss.SSS][main]io.qameta.allure.AllureLifecycle1)-Could not add attachment: no test is running
['ERROR]2025-02-21 22:35:01,195(yyyy-MM-ddHH:mm:ss.SSS][main]io.qameta.allure.AllureLifecycle1)-Could not add attachment: no test is running
['ERROR]2025-02-21 22:35:01,994(yyyy-MM-ddHH:mm:ss.SSS][main]io.qameta.allure.AllureLifecycle1)-Could not add attachment: no test is running
['ERROR]2025-02-21 22:35:02,006(yyyy-MM-ddHH:mm:ss.SSS][main]io.qameta.allure.AllureLifecycle1)-Could not add attachment: no test is running
['ERROR]2025-02-21 22:35:07,218(yyyy-MM-ddHH:mm:ss.SSS][main]io.qameta.allure.AllureLifecycle1)-Could not add attachment: no test is running
['ERROR]2025-02-21 22:35:07,233(yyyy-MM-ddHH:mm:ss.SSS][main]io.qameta.allure.AllureLifecycle1)-Could not add attachment: no test is running
['ERROR]2025-02-21 22:35:07,781(yyyy-MM-ddHH:mm:ss.SSS][main]io.qameta.allure.AllureLifecycle1)-Could not add attachment: no test is running
['ERROR]2025-02-21 22:35:07,798(yyyy-MM-ddHH:mm:ss.SSS][main]io.qameta.allure.AllureLifecycle1)-Could not add attachment: no test is running
['ERROR]2025-02-21 22:35:08,375(yyyy-MM-ddHH:mm:ss.SSS][main]io.qameta.allure.AllureLifecycle1)-Could not add attachment: no test is running
['ERROR]2025-02-21 22:35:08,404(yyyy-MM-ddHH:mm:ss.SSS][main]io.qameta.allure.AllureLifecycle1)-Could not add attachment: no test is running
['ERROR]2025-02-21 22:35:08,918(yyyy-MM-ddHH:mm:ss.SSS][main]io.qameta.allure.AllureLifecycle1)-Could not add attachment: no test is running
['ERROR]2025-02-21 22:35:08,971(yyyy-MM-ddHH:mm:ss.SSS][main]io.qameta.allure.AllureLifecycle1)-Could not add attachment: no test is running
['ERROR]2025-02-21 22:35:09,501(yyyy-MM-ddHH:mm:ss.SSS][main]io.qameta.allure.AllureLifecycle1)-Could not add attachment: no test is running
['ERROR]2025-02-21 22:35:09,509(yyyy-MM-ddHH:mm:ss.SSS][main]io.qameta.allure.AllureLifecycle1)-Could not add attachment: no test is running
['INFO ]2025-02-21 22:55:04,617(yyyy-MM-ddHH:mm:ss.SSS][main]utils.LoggerLoad1)-Admin clicks on login btn
['INFO ]2025-02-21 22:55:04,895(yyyy-MM-ddHH:mm:ss.SSS][main]utils.LoggerLoad1)-Admin is on home page after Login
['INFO ]2025-02-21 22:55:22,899(yyyy-MM-ddHH:mm:ss.SSS][main]utils.LoggerLoad1)-Admin is on home page after Login
['INFO ]2025-02-21 23:07:36,586(yyyy-MM-ddHH:mm:ss.SSS][main]utils.LoggerLoad1)-Admin is on home page after Login
['ERROR]2025-02-21 23:07:37,670(yyyy-MM-ddHH:mm:ss.SSS][main]io.qameta.allure.AllureLifecycle1)-Could not add attachment: no test is running
['ERROR]2025-02-21 23:07:38,081(yyyy-MM-ddHH:mm:ss.SSS][main]io.qameta.allure.AllureLifecycle1)-Could not add attachment: no test is running
['ERROR]2025-02-21 23:07:38,464(yyyy-MM-ddHH:mm:ss.SSS][main]io.qameta.allure.AllureLifecycle1)-Could not add attachment: no test is running
['ERROR]2025-02-21 23:07:38,850(yyyy-MM-ddHH:mm:ss.SSS][main]io.qameta.allure.AllureLifecycle1)-Could not add attachment: no test is running
['ERROR]2025-02-21 23:07:39,219(yyyy-MM-ddHH:mm:ss.SSS][main]io.qameta.allure.AllureLifecycle1)-Could not add attachment: no test is running
['ERROR]2025-02-21 23:07:39,550(yyyy-MM-ddHH:mm:ss.SSS][main]io.qameta.allure.AllureLifecycle1)-Could not add attachment: no test is running
['ERROR]2025-02-21 23:07:39,868(yyyy-MM-ddHH:mm:ss.SSS][main]io.qameta.allure.AllureLifecycle1)-Could not add attachment: no test is running
['ERROR]2025-02-21 23:07:40,403(yyyy-MM-ddHH:mm:ss.SSS][main]io.qameta.allure.AllureLifecycle1)-Could not add attachment: no test is running
['INFO ]2025-02-21 23:09:08,754(yyyy-MM-ddHH:mm:ss.SSS][main]utils.LoggerLoad1)-Admin clicks on login btn
['INFO ]2025-02-21 23:09:09,139(yyyy-MM-ddHH:mm:ss.SSS][main]utils.LoggerLoad1)-Admin is on home page after Login
['INFO ]2025-02-21 23:09:11,900(yyyy-MM-ddHH:mm:ss.SSS][main]utils.LoggerLoad1)-Admin is on home page after Login
['INFO ]2025-02-21 23:20:58,083(yyyy-MM-ddHH:mm:ss.SSS][main]utils.LoggerLoad1)-Admin is on home page after Login
['ERROR]2025-02-21 23:20:58,884(yyyy-MM-ddHH:mm:ss.SSS][main]io.qameta.allure.AllureLifecycle1)-Could not add attachment: no test is running
['ERROR]2025-02-21 23:20:59,197(yyyy-MM-ddHH:mm:ss.SSS][main]io.qameta.allure.AllureLifecycle1)-Could not add attachment: no test is running
['ERROR]2025-02-21 23:20:59,527(yyyy-MM-ddHH:mm:ss.SSS][main]io.qameta.allure.AllureLifecycle1)-Could not add attachment: no test is running
['ERROR]2025-02-21 23:20:59,842(yyyy-MM-ddHH:mm:ss.SSS][main]io.qameta.allure.AllureLifecycle1)-Could not add attachment: no test is running
['ERROR]2025-02-21 23:21:00,168(yyyy-MM-ddHH:mm:ss.SSS][main]io.qameta.allure.AllureLifecycle1)-Could not add attachment: no test is running
['ERROR]2025-02-21 23:21:00,584(yyyy-MM-ddHH:mm:ss.SSS][main]io.qameta.allure.AllureLifecycle1)-Could not add attachment: no test is running
['ERROR]2025-02-21 23:21:01,075(yyyy-MM-ddHH:mm:ss.SSS][main]io.qameta.allure.AllureLifecycle1)-Could not add attachment: no test is running
['ERROR]2025-02-21 23:21:01,557(yyyy-MM-ddHH:mm:ss.SSS][main]io.qameta.allure.AllureLifecycle1)-Could not add attachment: no test is running
['ERROR]2025-02-21 23:21:01,990(yyyy-MM-ddHH:mm:ss.SSS][main]io.qameta.allure.AllureLifecycle1)-Could not add attachment: no test is running
['INFO ]2025-02-21 23:23:18,833(yyyy-MM-ddHH:mm:ss.SSS][main]utils.LoggerLoad1)-Admin clicks on login btn
['INFO ]2025-02-21 23:23:19,147(yyyy-MM-ddHH:mm:ss.SSS][main]utils.LoggerLoad1)-Admin is on home page after Login
['INFO ]2025-02-21 23:23:21,962(yyyy-MM-ddHH:mm:ss.SSS][main]utils.LoggerLoad1)-Admin is on home page after Login
['INFO ]2025-02-21 23:31:03,964(yyyy-MM-ddHH:mm:ss.SSS][main]utils.LoggerLoad1)-Admin clicks on login btn
['INFO ]2025-02-21 23:31:04,298(yyyy-MM-ddHH:mm:ss.SSS][main]utils.LoggerLoad1)-Admin is on home page after Login
['INFO ]2025-02-21 23:31:07,467(yyyy-MM-ddHH:mm:ss.SSS][main]utils.LoggerLoad1)-Admin is on home page after Login
['INFO ]2025-02-21 23:32:46,380(yyyy-MM-ddHH:mm:ss.SSS][main]utils.LoggerLoad1)-Admin clicks on login btn
['INFO ]2025-02-21 23:32:46,684(yyyy-MM-ddHH:mm:ss.SSS][main]utils.LoggerLoad1)-Admin is on home page after Login
['INFO ]2025-02-21 23:32:49,343(yyyy-MM-ddHH:mm:ss.SSS][main]utils.LoggerLoad1)-Admin is on home page after Login
['INFO ]2025-02-22 12:41:38,647(yyyy-MM-ddHH:mm:ss.SSS][main]utils.LoggerLoad1)-Admin is on home page after Login
['ERROR]2025-02-22 12:41:39,398(yyyy-MM-ddHH:mm:ss.SSS][main]io.qameta.allure.AllureLifecycle1)-Could not add attachment: no test is running
['ERROR]2025-02-22 12:41:39,739(yyyy-MM-ddHH:mm:ss.SSS][main]io.qameta.allure.AllureLifecycle1)-Could not add attachment: no test is running
['ERROR]2025-02-22 12:41:40,065(yyyy-MM-ddHH:mm:ss.SSS][main]io.qameta.allure.AllureLifecycle1)-Could not add attachment: no test is running
['ERROR]2025-02-22 12:41:40,354(yyyy-MM-ddHH:mm:ss.SSS][main]io.qameta.allure.AllureLifecycle1)-Could not add attachment: no test is running
['ERROR]2025-02-22 12:41:40,743(yyyy-MM-ddHH:mm:ss.SSS][main]io.qameta.allure.AllureLifecycle1)-Could not add attachment: no test is running
['ERROR]2025-02-22 12:41:41,063(yyyy-MM-ddHH:mm:ss.SSS][main]io.qameta.allure.AllureLifecycle1)-Could not add attachment: no test is running
['ERROR]2025-02-22 12:41:41,395(yyyy-MM-ddHH:mm:ss.SSS][main]io.qameta.allure.AllureLifecycle1)-Could not add attachment: no test is running
['ERROR]2025-02-22 12:41:41,747(yyyy-MM-ddHH:mm:ss.SSS][main]io.qameta.allure.AllureLifecycle1)-Could not add attachment: no test is running
['ERROR]2025-02-22 12:41:42,034(yyyy-MM-ddHH:mm:ss.SSS][main]io.qameta.allure.AllureLifecycle1)-Could not add attachment: no test is running
['ERROR]2025-02-22 12:41:42,381(yyyy-MM-ddHH:mm:ss.SSS][main]io.qameta.allure.AllureLifecycle1)-Could not add attachment: no test is running
['INFO ]2025-02-22 12:43:15,245(yyyy-MM-ddHH:mm:ss.SSS][main]utils.LoggerLoad1)-Admin is on home page after Login
['ERROR]2025-02-22 12:43:15,868(yyyy-MM-ddHH:mm:ss.SSS][main]io.qameta.allure.AllureLifecycle1)-Could not add attachment: no test is running
['ERROR]2025-02-22 12:43:16,193(yyyy-MM-ddHH:mm:ss.SSS][main]io.qameta.allure.AllureLifecycle1)-Could not add attachment: no test is running
['ERROR]2025-02-22 12:43:16,625(yyyy-MM-ddHH:mm:ss.SSS][main]io.qameta.allure.AllureLifecycle1)-Could not add attachment: no test is running
['ERROR]2025-02-22 12:43:16,938(yyyy-MM-ddHH:mm:ss.SSS][main]io.qameta.allure.AllureLifecycle1)-Could not add attachment: no test is running
['ERROR]2025-02-22 12:43:17,239(yyyy-MM-ddHH:mm:ss.SSS][main]io.qameta.allure.AllureLifecycle1)-Could not add attachment: no test is running
['ERROR]2025-02-22 12:43:17,576(yyyy-MM-ddHH:mm:ss.SSS][main]io.qameta.allure.AllureLifecycle1)-Could not add attachment: no test is running
['ERROR]2025-02-22 12:43:17,855(yyyy-MM-ddHH:mm:ss.SSS][main]io.qameta.allure.AllureLifecycle1)-Could not add attachment: no test is running
['ERROR]2025-02-22 12:43:18,201(yyyy-MM-ddHH:mm:ss.SSS][main]io.qameta.allure.AllureLifecycle1)-Could not add attachment: no test is running
['ERROR]2025-02-22 12:43:18,479(yyyy-MM-ddHH:mm:ss.SSS][main]io.qameta.allure.AllureLifecycle1)-Could not add attachment: no test is running
['ERROR]2025-02-22 12:43:18,847(yyyy-MM-ddHH:mm:ss.SSS][main]io.qameta.allure.AllureLifecycle1)-Could not add attachment: no test is running
['INFO ]2025-02-22 12:49:06,041(yyyy-MM-ddHH:mm:ss.SSS][main]utils.LoggerLoad1)-Admin clicks on login btn
['INFO ]2025-02-22 12:49:06,506(yyyy-MM-ddHH:mm:ss.SSS][main]utils.LoggerLoad1)-Admin is on home page after Login
['INFO ]2025-02-22 12:49:08,939(yyyy-MM-ddHH:mm:ss.SSS][main]utils.LoggerLoad1)-Admin is on home page after Login
['INFO ]2025-02-22 12:55:33,170(yyyy-MM-ddHH:mm:ss.SSS][main]utils.LoggerLoad1)-Admin clicks on login btn
['INFO ]2025-02-22 12:55:33,728(yyyy-MM-ddHH:mm:ss.SSS][main]utils.LoggerLoad1)-Admin is on home page after Login
['INFO ]2025-02-22 12:55:36,030(yyyy-MM-ddHH:mm:ss.SSS][main]utils.LoggerLoad1)-Admin is on home page after Login
['INFO ]2025-02-22 13:01:37,194(yyyy-MM-ddHH:mm:ss.SSS][main]utils.LoggerLoad1)-Admin clicks on login btn
['INFO ]2025-02-22 13:01:37,586(yyyy-MM-ddHH:mm:ss.SSS][main]utils.LoggerLoad1)-Admin is on home page after Login
['INFO ]2025-02-22 13:01:40,198(yyyy-MM-ddHH:mm:ss.SSS][main]utils.LoggerLoad1)-Admin is on home page after Login
['INFO ]2025-02-22 13:35:19,474(yyyy-MM-ddHH:mm:ss.SSS][main]utils.LoggerLoad1)-Admin clicks on login btn
['INFO ]2025-02-22 13:35:19,778(yyyy-MM-ddHH:mm:ss.SSS][main]utils.LoggerLoad1)-Admin is on home page after Login
['INFO ]2025-02-22 13:35:22,412(yyyy-MM-ddHH:mm:ss.SSS][main]utils.LoggerLoad1)-Admin is on home page after Login
['INFO ]2025-02-22 13:35:25,173(yyyy-MM-ddHH:mm:ss.SSS][main]utils.LoggerLoad1)-Admin is in Program Page
['INFO ]2025-02-22 13:47:38,811(yyyy-MM-ddHH:mm:ss.SSS][main]utils.LoggerLoad1)-Admin clicks on login btn
['INFO ]2025-02-22 13:47:39,218(yyyy-MM-ddHH:mm:ss.SSS][main]utils.LoggerLoad1)-Admin is on home page after Login
['INFO ]2025-02-22 13:47:41,805(yyyy-MM-ddHH:mm:ss.SSS][main]utils.LoggerLoad1)-Admin is on home page after Login
['INFO ]2025-02-22 13:47:44,734(yyyy-MM-ddHH:mm:ss.SSS][main]utils.LoggerLoad1)-Admin is in Program Page
['INFO ]2025-02-22 13:51:20,699(yyyy-MM-ddHH:mm:ss.SSS][main]utils.LoggerLoad1)-Admin is in Program Page
['ERROR]2025-02-22 13:51:21,665(yyyy-MM-ddHH:mm:ss.SSS][main]io.qameta.allure.AllureLifecycle1)-Could not add attachment: no test is running
['INFO ]2025-02-22 13:58:20,602(yyyy-MM-ddHH:mm:ss.SSS][main]utils.LoggerLoad1)-Admin clicks on login btn
['INFO ]2025-02-22 13:58:21,221(yyyy-MM-ddHH:mm:ss.SSS][main]utils.LoggerLoad1)-Admin is on home page after Login
['INFO ]2025-02-22 13:58:24,367(yyyy-MM-ddHH:mm:ss.SSS][main]utils.LoggerLoad1)-Admin is on home page after Login
['INFO ]2025-02-22 13:58:27,553(yyyy-MM-ddHH:mm:ss.SSS][main]utils.LoggerLoad1)-Admin is in Program Page
['INFO ]2025-02-22 14:18:39,142(yyyy-MM-ddHH:mm:ss.SSS][main]utils.LoggerLoad1)-Admin is in Program Page
['ERROR]2025-02-22 14:18:39,903(yyyy-MM-ddHH:mm:ss.SSS][main]io.qameta.allure.AllureLifecycle1)-Could not add attachment: no test is running
['ERROR]2025-02-22 14:18:40,316(yyyy-MM-ddHH:mm:ss.SSS][main]io.qameta.allure.AllureLifecycle1)-Could not add attachment: no test is running
['INFO ]2025-02-22 14:22:35,784(yyyy-MM-ddHH:mm:ss.SSS][main]utils.LoggerLoad1)-Admin is in Program Page
['ERROR]2025-02-22 14:22:36,576(yyyy-MM-ddHH:mm:ss.SSS][main]io.qameta.allure.AllureLifecycle1)-Could not add attachment: no test is running
['ERROR]2025-02-22 14:22:37,011(yyyy-MM-ddHH:mm:ss.SSS][main]io.qameta.allure.AllureLifecycle1)-Could not add attachment: no test is running
['INFO ]2025-02-22 14:38:51,383(yyyy-MM-ddHH:mm:ss.SSS][main]utils.LoggerLoad1)-Admin is in Program Page
['ERROR]2025-02-22 14:38:52,165(yyyy-MM-ddHH:mm:ss.SSS][main]io.qameta.allure.AllureLifecycle1)-Could not add attachment: no test is running
['ERROR]2025-02-22 14:38:52,535(yyyy-MM-ddHH:mm:ss.SSS][main]io.qameta.allure.AllureLifecycle1)-Could not add attachment: no test is running
['INFO ]2025-02-22 14:43:43,989(yyyy-MM-ddHH:mm:ss.SSS][main]utils.LoggerLoad1)-Admin clicks on login btn
['INFO ]2025-02-22 14:43:44,401(yyyy-MM-ddHH:mm:ss.SSS][main]utils.LoggerLoad1)-Admin is on home page after Login
['INFO ]2025-02-22 14:43:49,511(yyyy-MM-ddHH:mm:ss.SSS][main]utils.LoggerLoad1)-Admin is on home page after Login
['INFO ]2025-02-22 14:43:52,851(yyyy-MM-ddHH:mm:ss.SSS][main]utils.LoggerLoad1)-Admin is in Program Page
['INFO ]2025-02-22 14:56:26,187(yyyy-MM-ddHH:mm:ss.SSS][main]utils.LoggerLoad1)-Admin is in Program Page
['ERROR]2025-02-22 14:56:27,034(yyyy-MM-ddHH:mm:ss.SSS][main]io.qameta.allure.AllureLifecycle1)-Could not add attachment: no test is running
['ERROR]2025-02-22 14:56:27,438(yyyy-MM-ddHH:mm:ss.SSS][main]io.qameta.allure.AllureLifecycle1)-Could not add attachment: no test is running
['ERROR]2025-02-22 14:56:27,807(yyyy-MM-ddHH:mm:ss.SSS][main]io.qameta.allure.AllureLifecycle1)-Could not add attachment: no test is running
['INFO ]2025-02-22 14:58:57,748(yyyy-MM-ddHH:mm:ss.SSS][main]utils.LoggerLoad1)-Admin is in Program Page
['ERROR]2025-02-22 14:58:58,448(yyyy-MM-ddHH:mm:ss.SSS][main]io.qameta.allure.AllureLifecycle1)-Could not add attachment: no test is running
['ERROR]2025-02-22 14:58:58,837(yyyy-MM-ddHH:mm:ss.SSS][main]io.qameta.allure.AllureLifecycle1)-Could not add attachment: no test is running
['ERROR]2025-02-22 14:58:59,200(yyyy-MM-ddHH:mm:ss.SSS][main]io.qameta.allure.AllureLifecycle1)-Could not add attachment: no test is running
['INFO ]2025-02-22 15:00:32,259(yyyy-MM-ddHH:mm:ss.SSS][main]utils.LoggerLoad1)-Admin clicks on login btn
['INFO ]2025-02-22 15:00:32,609(yyyy-MM-ddHH:mm:ss.SSS][main]utils.LoggerLoad1)-Admin is on home page after Login
['INFO ]2025-02-22 15:00:35,350(yyyy-MM-ddHH:mm:ss.SSS][main]utils.LoggerLoad1)-Admin is on home page after Login
['INFO ]2025-02-22 15:00:38,044(yyyy-MM-ddHH:mm:ss.SSS][main]utils.LoggerLoad1)-Admin is in Program Page
['INFO ]2025-02-22 15:58:14,367(yyyy-MM-ddHH:mm:ss.SSS][main]utils.LoggerLoad1)-Admin is in Program Page
['ERROR]2025-02-22 15:58:15,143(yyyy-MM-ddHH:mm:ss.SSS][main]io.qameta.allure.AllureLifecycle1)-Could not add attachment: no test is running
['ERROR]2025-02-22 15:58:15,502(yyyy-MM-ddHH:mm:ss.SSS][main]io.qameta.allure.AllureLifecycle1)-Could not add attachment: no test is running
['ERROR]2025-02-22 15:58:15,843(yyyy-MM-ddHH:mm:ss.SSS][main]io.qameta.allure.AllureLifecycle1)-Could not add attachment: no test is running
['ERROR]2025-02-22 15:58:16,129(yyyy-MM-ddHH:mm:ss.SSS][main]io.qameta.allure.AllureLifecycle1)-Could not add attachment: no test is running
['INFO ]2025-02-22 16:00:33,847(yyyy-MM-ddHH:mm:ss.SSS][main]utils.LoggerLoad1)-Admin clicks on login btn
['INFO ]2025-02-22 16:00:34,515(yyyy-MM-ddHH:mm:ss.SSS][main]utils.LoggerLoad1)-Admin is on home page after Login
['INFO ]2025-02-22 16:00:58,203(yyyy-MM-ddHH:mm:ss.SSS][main]utils.LoggerLoad1)-Admin is on home page after Login
['INFO ]2025-02-22 16:04:22,440(yyyy-MM-ddHH:mm:ss.SSS][main]utils.LoggerLoad1)-Admin is in Program Page
['INFO ]2025-02-22 16:09:48,771(yyyy-MM-ddHH:mm:ss.SSS][main]utils.LoggerLoad1)-Admin clicks on login btn
['INFO ]2025-02-22 16:09:49,415(yyyy-MM-ddHH:mm:ss.SSS][main]utils.LoggerLoad1)-Admin is on home page after Login
['INFO ]2025-02-22 16:10:12,712(yyyy-MM-ddHH:mm:ss.SSS][main]utils.LoggerLoad1)-Admin is on home page after Login
['INFO ]2025-02-22 16:13:37,473(yyyy-MM-ddHH:mm:ss.SSS][main]utils.LoggerLoad1)-Admin is in Program Page
['INFO ]2025-02-22 16:16:56,879(yyyy-MM-ddHH:mm:ss.SSS][main]utils.LoggerLoad1)-Admin clicks on login btn
['INFO ]2025-02-22 16:17:00,295(yyyy-MM-ddHH:mm:ss.SSS][main]utils.LoggerLoad1)-Admin is on home page after Login
['INFO ]2025-02-22 16:17:22,007(yyyy-MM-ddHH:mm:ss.SSS][main]utils.LoggerLoad1)-Admin is on home page after Login
['INFO ]2025-02-22 16:19:30,841(yyyy-MM-ddHH:mm:ss.SSS][main]utils.LoggerLoad1)-Admin is in Program Page
['INFO ]2025-02-22 17:12:25,824(yyyy-MM-ddHH:mm:ss.SSS][main]utils.LoggerLoad1)-Admin is in Program Page
['ERROR]2025-02-22 17:12:26,746(yyyy-MM-ddHH:mm:ss.SSS][main]io.qameta.allure.AllureLifecycle1)-Could not add attachment: no test is running
['ERROR]2025-02-22 17:12:27,138(yyyy-MM-ddHH:mm:ss.SSS][main]io.qameta.allure.AllureLifecycle1)-Could not add attachment: no test is running
['ERROR]2025-02-22 17:12:27,517(yyyy-MM-ddHH:mm:ss.SSS][main]io.qameta.allure.AllureLifecycle1)-Could not add attachment: no test is running
['ERROR]2025-02-22 17:12:27,838(yyyy-MM-ddHH:mm:ss.SSS][main]io.qameta.allure.AllureLifecycle1)-Could not add attachment: no test is running
['ERROR]2025-02-22 17:12:28,266(yyyy-MM-ddHH:mm:ss.SSS][main]io.qameta.allure.AllureLifecycle1)-Could not add attachment: no test is running
['INFO ]2025-02-22 17:25:51,639(yyyy-MM-ddHH:mm:ss.SSS][main]utils.LoggerLoad1)-Admin clicks on login btn
['INFO ]2025-02-22 17:25:52,306(yyyy-MM-ddHH:mm:ss.SSS][main]utils.LoggerLoad1)-Admin is on home page after Login
['INFO ]2025-02-22 17:26:15,463(yyyy-MM-ddHH:mm:ss.SSS][main]utils.LoggerLoad1)-Admin is on home page after Login
['INFO ]2025-02-22 17:29:41,185(yyyy-MM-ddHH:mm:ss.SSS][main]utils.LoggerLoad1)-Admin is in Program Page
['INFO ]2025-02-22 18:46:55,011(yyyy-MM-ddHH:mm:ss.SSS][main]utils.LoggerLoad1)-Admin clicks on login btn
['INFO ]2025-02-22 18:47:55,347(yyyy-MM-ddHH:mm:ss.SSS][main]utils.LoggerLoad1)-Admin clicks on login btn
['INFO ]2025-02-22 18:47:55,654(yyyy-MM-ddHH:mm:ss.SSS][main]utils.LoggerLoad1)-Admin is on home page after Login
['INFO ]2025-02-22 18:48:18,643(yyyy-MM-ddHH:mm:ss.SSS][main]utils.LoggerLoad1)-Admin is on home page after Login
['INFO ]2025-02-22 18:49:58,067(yyyy-MM-ddHH:mm:ss.SSS][main]utils.LoggerLoad1)-Admin clicks on login btn
['INFO ]2025-02-22 18:49:58,396(yyyy-MM-ddHH:mm:ss.SSS][main]utils.LoggerLoad1)-Admin is on home page after Login
['INFO ]2025-02-22 18:50:01,305(yyyy-MM-ddHH:mm:ss.SSS][main]utils.LoggerLoad1)-Admin is on home page after Login
['INFO ]2025-02-22 18:50:03,053(yyyy-MM-ddHH:mm:ss.SSS][main]utils.LoggerLoad1)-Admin is in Program Page
['INFO ]2025-02-23 11:29:12,048(yyyy-MM-ddHH:mm:ss.SSS][main]utils.LoggerLoad1)-Admin clicks on login btn
['INFO ]2025-02-23 11:29:12,508(yyyy-MM-ddHH:mm:ss.SSS][main]utils.LoggerLoad1)-Admin is on home page after Login
['INFO ]2025-02-23 11:29:15,675(yyyy-MM-ddHH:mm:ss.SSS][main]utils.LoggerLoad1)-Admin is on home page after Login
['INFO ]2025-02-23 11:29:17,193(yyyy-MM-ddHH:mm:ss.SSS][main]utils.LoggerLoad1)-Admin is in Program Page
['INFO ]2025-02-23 11:33:07,731(yyyy-MM-ddHH:mm:ss.SSS][main]utils.LoggerLoad1)-Admin clicks on login btn
['INFO ]2025-02-23 11:33:08,222(yyyy-MM-ddHH:mm:ss.SSS][main]utils.LoggerLoad1)-Admin is on home page after Login
['INFO ]2025-02-23 11:33:12,089(yyyy-MM-ddHH:mm:ss.SSS][main]utils.LoggerLoad1)-Admin is on home page after Login
['INFO ]2025-02-23 11:33:13,638(yyyy-MM-ddHH:mm:ss.SSS][main]utils.LoggerLoad1)-Admin is in Program Page
['INFO ]2025-02-23 11:50:07,144(yyyy-MM-ddHH:mm:ss.SSS][main]utils.LoggerLoad1)-Admin clicks on login btn
['INFO ]2025-02-23 11:50:07,710(yyyy-MM-ddHH:mm:ss.SSS][main]utils.LoggerLoad1)-Admin is on home page after Login
['INFO ]2025-02-23 11:50:12,385(yyyy-MM-ddHH:mm:ss.SSS][main]utils.LoggerLoad1)-Admin is on home page after Login
['INFO ]2025-02-23 11:50:13,959(yyyy-MM-ddHH:mm:ss.SSS][main]utils.LoggerLoad1)-Admin is in Program Page
['INFO ]2025-02-23 11:57:05,889(yyyy-MM-ddHH:mm:ss.SSS][main]utils.LoggerLoad1)-Admin clicks on login btn
['INFO ]2025-02-23 11:57:06,311(yyyy-MM-ddHH:mm:ss.SSS][main]utils.LoggerLoad1)-Admin is on home page after Login
['INFO ]2025-02-23 11:57:10,023(yyyy-MM-ddHH:mm:ss.SSS][main]utils.LoggerLoad1)-Admin is on home page after Login
['INFO ]2025-02-23 11:57:11,654(yyyy-MM-ddHH:mm:ss.SSS][main]utils.LoggerLoad1)-Admin is in Program Page
['INFO ]2025-02-23 12:14:24,852(yyyy-MM-ddHH:mm:ss.SSS][main]utils.LoggerLoad1)-Admin clicks on login btn
['INFO ]2025-02-23 12:14:25,270(yyyy-MM-ddHH:mm:ss.SSS][main]utils.LoggerLoad1)-Admin is on home page after Login
['INFO ]2025-02-23 12:14:28,373(yyyy-MM-ddHH:mm:ss.SSS][main]utils.LoggerLoad1)-Admin is on home page after Login
['INFO ]2025-02-23 12:14:30,004(yyyy-MM-ddHH:mm:ss.SSS][main]utils.LoggerLoad1)-Admin is in Program Page
['INFO ]2025-02-23 12:23:33,264(yyyy-MM-ddHH:mm:ss.SSS][main]utils.LoggerLoad1)-Admin clicks on login btn
['INFO ]2025-02-23 12:23:33,753(yyyy-MM-ddHH:mm:ss.SSS][main]utils.LoggerLoad1)-Admin is on home page after Login
['INFO ]2025-02-23 12:23:36,497(yyyy-MM-ddHH:mm:ss.SSS][main]utils.LoggerLoad1)-Admin is on home page after Login
['INFO ]2025-02-23 12:23:38,104(yyyy-MM-ddHH:mm:ss.SSS][main]utils.LoggerLoad1)-Admin is in Program Page
['INFO ]2025-02-23 12:29:31,241(yyyy-MM-ddHH:mm:ss.SSS][main]utils.LoggerLoad1)-Admin clicks on login btn
['INFO ]2025-02-23 12:29:31,678(yyyy-MM-ddHH:mm:ss.SSS][main]utils.LoggerLoad1)-Admin is on home page after Login
['INFO ]2025-02-23 12:29:34,414(yyyy-MM-ddHH:mm:ss.SSS][main]utils.LoggerLoad1)-Admin is on home page after Login
['INFO ]2025-02-23 12:29:36,489(yyyy-MM-ddHH:mm:ss.SSS][main]utils.LoggerLoad1)-Admin is in Program Page
['INFO ]2025-02-23 12:32:32,022(yyyy-MM-ddHH:mm:ss.SSS][main]utils.LoggerLoad1)-Admin clicks on login btn
['INFO ]2025-02-23 12:32:32,628(yyyy-MM-ddHH:mm:ss.SSS][main]utils.LoggerLoad1)-Admin is on home page after Login
['INFO ]2025-02-23 12:32:35,250(yyyy-MM-ddHH:mm:ss.SSS][main]utils.LoggerLoad1)-Admin is on home page after Login
['INFO ]2025-02-23 12:32:36,743(yyyy-MM-ddHH:mm:ss.SSS][main]utils.LoggerLoad1)-Admin is in Program Page
['INFO ]2025-02-23 12:36:02,759(yyyy-MM-ddHH:mm:ss.SSS][main]utils.LoggerLoad1)-Admin clicks on login btn
['INFO ]2025-02-23 12:36:03,083(yyyy-MM-ddHH:mm:ss.SSS][main]utils.LoggerLoad1)-Admin is on home page after Login
['INFO ]2025-02-23 12:36:05,975(yyyy-MM-ddHH:mm:ss.SSS][main]utils.LoggerLoad1)-Admin is on home page after Login
['INFO ]2025-02-23 12:36:07,515(yyyy-MM-ddHH:mm:ss.SSS][main]utils.LoggerLoad1)-Admin is in Program Page
['INFO ]2025-02-23 12:50:26,173(yyyy-MM-ddHH:mm:ss.SSS][main]utils.LoggerLoad1)-Admin clicks on login btn
['INFO ]2025-02-23 12:50:26,517(yyyy-MM-ddHH:mm:ss.SSS][main]utils.LoggerLoad1)-Admin is on home page after Login
['INFO ]2025-02-23 12:50:29,922(yyyy-MM-ddHH:mm:ss.SSS][main]utils.LoggerLoad1)-Admin is on home page after Login
['INFO ]2025-02-23 12:50:31,751(yyyy-MM-ddHH:mm:ss.SSS][main]utils.LoggerLoad1)-Admin is in Program Page
['INFO ]2025-02-23 12:55:46,049(yyyy-MM-ddHH:mm:ss.SSS][main]utils.LoggerLoad1)-Admin clicks on login btn
['INFO ]2025-02-23 12:55:46,560(yyyy-MM-ddHH:mm:ss.SSS][main]utils.LoggerLoad1)-Admin is on home page after Login
['INFO ]2025-02-23 12:55:49,293(yyyy-MM-ddHH:mm:ss.SSS][main]utils.LoggerLoad1)-Admin is on home page after Login
['INFO ]2025-02-23 12:55:50,835(yyyy-MM-ddHH:mm:ss.SSS][main]utils.LoggerLoad1)-Admin is in Program Page
['INFO ]2025-02-23 13:55:06,128(yyyy-MM-ddHH:mm:ss.SSS][main]utils.LoggerLoad1)-Admin clicks on login btn
['INFO ]2025-02-23 13:55:06,493(yyyy-MM-ddHH:mm:ss.SSS][main]utils.LoggerLoad1)-Admin is on home page after Login
['INFO ]2025-02-23 13:55:09,276(yyyy-MM-ddHH:mm:ss.SSS][main]utils.LoggerLoad1)-Admin is on home page after Login
['INFO ]2025-02-23 13:55:10,958(yyyy-MM-ddHH:mm:ss.SSS][main]utils.LoggerLoad1)-Admin is in Program Page
['INFO ]2025-02-23 14:08:26,404(yyyy-MM-ddHH:mm:ss.SSS][main]utils.LoggerLoad1)-Admin clicks on login btn
['INFO ]2025-02-23 14:08:26,897(yyyy-MM-ddHH:mm:ss.SSS][main]utils.LoggerLoad1)-Admin is on home page after Login
['INFO ]2025-02-23 14:08:29,749(yyyy-MM-ddHH:mm:ss.SSS][main]utils.LoggerLoad1)-Admin is on home page after Login
['INFO ]2025-02-23 14:08:31,755(yyyy-MM-ddHH:mm:ss.SSS][main]utils.LoggerLoad1)-Admin is in Program Page
['INFO ]2025-02-23 14:47:29,852(yyyy-MM-ddHH:mm:ss.SSS][main]utils.LoggerLoad1)-Admin clicks on login btn
['INFO ]2025-02-23 14:47:30,208(yyyy-MM-ddHH:mm:ss.SSS][main]utils.LoggerLoad1)-Admin is on home page after Login
['INFO ]2025-02-23 14:47:32,948(yyyy-MM-ddHH:mm:ss.SSS][main]utils.LoggerLoad1)-Admin is on home page after Login
['INFO ]2025-02-23 14:47:34,429(yyyy-MM-ddHH:mm:ss.SSS][main]utils.LoggerLoad1)-Admin is in Program Page
['INFO ]2025-02-23 15:17:39,045(yyyy-MM-ddHH:mm:ss.SSS][main]utils.LoggerLoad1)-Admin clicks on login btn
['INFO ]2025-02-23 15:17:39,546(yyyy-MM-ddHH:mm:ss.SSS][main]utils.LoggerLoad1)-Admin is on home page after Login
['INFO ]2025-02-23 15:17:42,183(yyyy-MM-ddHH:mm:ss.SSS][main]utils.LoggerLoad1)-Admin is on home page after Login
['INFO ]2025-02-23 15:17:43,765(yyyy-MM-ddHH:mm:ss.SSS][main]utils.LoggerLoad1)-Admin is in Program Page
['INFO ]2025-02-23 15:24:18,070(yyyy-MM-ddHH:mm:ss.SSS][main]utils.LoggerLoad1)-Admin clicks on login btn
['INFO ]2025-02-23 15:24:18,411(yyyy-MM-ddHH:mm:ss.SSS][main]utils.LoggerLoad1)-Admin is on home page after Login
['INFO ]2025-02-23 15:24:21,116(yyyy-MM-ddHH:mm:ss.SSS][main]utils.LoggerLoad1)-Admin is on home page after Login
['INFO ]2025-02-23 15:24:22,628(yyyy-MM-ddHH:mm:ss.SSS][main]utils.LoggerLoad1)-Admin is in Program Page
['INFO ]2025-02-23 15:25:38,988(yyyy-MM-ddHH:mm:ss.SSS][main]utils.LoggerLoad1)-Admin clicks on login btn
['INFO ]2025-02-23 15:25:39,335(yyyy-MM-ddHH:mm:ss.SSS][main]utils.LoggerLoad1)-Admin is on home page after Login
['INFO ]2025-02-23 15:25:42,554(yyyy-MM-ddHH:mm:ss.SSS][main]utils.LoggerLoad1)-Admin is on home page after Login
['INFO ]2025-02-23 15:25:44,170(yyyy-MM-ddHH:mm:ss.SSS][main]utils.LoggerLoad1)-Admin is in Program Page
['INFO ]2025-02-23 15:36:01,355(yyyy-MM-ddHH:mm:ss.SSS][main]utils.LoggerLoad1)-Admin is in Program Page
['ERROR]2025-02-23 15:36:02,220(yyyy-MM-ddHH:mm:ss.SSS][main]io.qameta.allure.AllureLifecycle1)-Could not add attachment: no test is running
['ERROR]2025-02-23 15:36:02,575(yyyy-MM-ddHH:mm:ss.SSS][main]io.qameta.allure.AllureLifecycle1)-Could not add attachment: no test is running
['ERROR]2025-02-23 15:36:02,900(yyyy-MM-ddHH:mm:ss.SSS][main]io.qameta.allure.AllureLifecycle1)-Could not add attachment: no test is running
['ERROR]2025-02-23 15:36:03,292(yyyy-MM-ddHH:mm:ss.SSS][main]io.qameta.allure.AllureLifecycle1)-Could not add attachment: no test is running
['ERROR]2025-02-23 15:36:03,692(yyyy-MM-ddHH:mm:ss.SSS][main]io.qameta.allure.AllureLifecycle1)-Could not add attachment: no test is running
['ERROR]2025-02-23 15:36:03,977(yyyy-MM-ddHH:mm:ss.SSS][main]io.qameta.allure.AllureLifecycle1)-Could not add attachment: no test is running
['INFO ]2025-02-23 15:45:20,298(yyyy-MM-ddHH:mm:ss.SSS][main]utils.LoggerLoad1)-Admin clicks on login btn
['INFO ]2025-02-23 15:45:20,630(yyyy-MM-ddHH:mm:ss.SSS][main]utils.LoggerLoad1)-Admin is on home page after Login
['INFO ]2025-02-23 15:45:23,622(yyyy-MM-ddHH:mm:ss.SSS][main]utils.LoggerLoad1)-Admin is on home page after Login
['INFO ]2025-02-23 15:45:25,097(yyyy-MM-ddHH:mm:ss.SSS][main]utils.LoggerLoad1)-Admin is in Program Page
['INFO ]2025-02-23 15:49:48,886(yyyy-MM-ddHH:mm:ss.SSS][main]utils.LoggerLoad1)-Admin is in Program Page
['ERROR]2025-02-23 15:49:49,678(yyyy-MM-ddHH:mm:ss.SSS][main]io.qameta.allure.AllureLifecycle1)-Could not add attachment: no test is running
['ERROR]2025-02-23 15:49:50,018(yyyy-MM-ddHH:mm:ss.SSS][main]io.qameta.allure.AllureLifecycle1)-Could not add attachment: no test is running
['ERROR]2025-02-23 15:49:50,349(yyyy-MM-ddHH:mm:ss.SSS][main]io.qameta.allure.AllureLifecycle1)-Could not add attachment: no test is running
['ERROR]2025-02-23 15:49:50,690(yyyy-MM-ddHH:mm:ss.SSS][main]io.qameta.allure.AllureLifecycle1)-Could not add attachment: no test is running
['ERROR]2025-02-23 15:49:51,007(yyyy-MM-ddHH:mm:ss.SSS][main]io.qameta.allure.AllureLifecycle1)-Could not add attachment: no test is running
['ERROR]2025-02-23 15:49:51,296(yyyy-MM-ddHH:mm:ss.SSS][main]io.qameta.allure.AllureLifecycle1)-Could not add attachment: no test is running
['ERROR]2025-02-23 15:49:51,596(yyyy-MM-ddHH:mm:ss.SSS][main]io.qameta.allure.AllureLifecycle1)-Could not add attachment: no test is running
['INFO ]2025-02-23 15:52:52,734(yyyy-MM-ddHH:mm:ss.SSS][main]utils.LoggerLoad1)-Admin clicks on login btn
['INFO ]2025-02-23 15:52:53,332(yyyy-MM-ddHH:mm:ss.SSS][main]utils.LoggerLoad1)-Admin is on home page after Login
['INFO ]2025-02-23 15:52:55,857(yyyy-MM-ddHH:mm:ss.SSS][main]utils.LoggerLoad1)-Admin is on home page after Login
['INFO ]2025-02-23 15:52:57,506(yyyy-MM-ddHH:mm:ss.SSS][main]utils.LoggerLoad1)-Admin is in Program Page
['INFO ]2025-02-23 15:56:45,430(yyyy-MM-ddHH:mm:ss.SSS][main]utils.LoggerLoad1)-Admin is in Program Page
['ERROR]2025-02-23 15:56:46,254(yyyy-MM-ddHH:mm:ss.SSS][main]io.qameta.allure.AllureLifecycle1)-Could not add attachment: no test is running
['ERROR]2025-02-23 15:56:46,583(yyyy-MM-ddHH:mm:ss.SSS][main]io.qameta.allure.AllureLifecycle1)-Could not add attachment: no test is running
['ERROR]2025-02-23 15:56:46,932(yyyy-MM-ddHH:mm:ss.SSS][main]io.qameta.allure.AllureLifecycle1)-Could not add attachment: no test is running
['ERROR]2025-02-23 15:56:47,216(yyyy-MM-ddHH:mm:ss.SSS][main]io.qameta.allure.AllureLifecycle1)-Could not add attachment: no test is running
['ERROR]2025-02-23 15:56:47,565(yyyy-MM-ddHH:mm:ss.SSS][main]io.qameta.allure.AllureLifecycle1)-Could not add attachment: no test is running
['ERROR]2025-02-23 15:56:47,923(yyyy-MM-ddHH:mm:ss.SSS][main]io.qameta.allure.AllureLifecycle1)-Could not add attachment: no test is running
['ERROR]2025-02-23 15:56:48,220(yyyy-MM-ddHH:mm:ss.SSS][main]io.qameta.allure.AllureLifecycle1)-Could not add attachment: no test is running
['ERROR]2025-02-23 15:56:48,577(yyyy-MM-ddHH:mm:ss.SSS][main]io.qameta.allure.AllureLifecycle1)-Could not add attachment: no test is running
['INFO ]2025-02-23 15:57:53,198(yyyy-MM-ddHH:mm:ss.SSS][main]utils.LoggerLoad1)-Admin clicks on login btn
['INFO ]2025-02-23 15:57:53,562(yyyy-MM-ddHH:mm:ss.SSS][main]utils.LoggerLoad1)-Admin is on home page after Login
['INFO ]2025-02-23 15:57:56,455(yyyy-MM-ddHH:mm:ss.SSS][main]utils.LoggerLoad1)-Admin is on home page after Login
['INFO ]2025-02-23 15:57:58,130(yyyy-MM-ddHH:mm:ss.SSS][main]utils.LoggerLoad1)-Admin is in Program Page
['INFO ]2025-02-23 16:05:01,147(yyyy-MM-ddHH:mm:ss.SSS][main]utils.LoggerLoad1)-Admin clicks on login btn
['INFO ]2025-02-23 16:05:01,509(yyyy-MM-ddHH:mm:ss.SSS][main]utils.LoggerLoad1)-Admin is on home page after Login
['INFO ]2025-02-23 16:05:04,639(yyyy-MM-ddHH:mm:ss.SSS][main]utils.LoggerLoad1)-Admin is on home page after Login
['INFO ]2025-02-23 16:05:06,199(yyyy-MM-ddHH:mm:ss.SSS][main]utils.LoggerLoad1)-Admin is in Program Page
['INFO ]2025-02-23 16:14:43,670(yyyy-MM-ddHH:mm:ss.SSS][main]utils.LoggerLoad1)-Admin is in Program Page
['ERROR]2025-02-23 16:14:44,518(yyyy-MM-ddHH:mm:ss.SSS][main]io.qameta.allure.AllureLifecycle1)-Could not add attachment: no test is running
['ERROR]2025-02-23 16:14:44,873(yyyy-MM-ddHH:mm:ss.SSS][main]io.qameta.allure.AllureLifecycle1)-Could not add attachment: no test is running
['ERROR]2025-02-23 16:14:45,267(yyyy-MM-ddHH:mm:ss.SSS][main]io.qameta.allure.AllureLifecycle1)-Could not add attachment: no test is running
['ERROR]2025-02-23 16:14:45,576(yyyy-MM-ddHH:mm:ss.SSS][main]io.qameta.allure.AllureLifecycle1)-Could not add attachment: no test is running
['ERROR]2025-02-23 16:14:45,926(yyyy-MM-ddHH:mm:ss.SSS][main]io.qameta.allure.AllureLifecycle1)-Could not add attachment: no test is running
['ERROR]2025-02-23 16:14:46,318(yyyy-MM-ddHH:mm:ss.SSS][main]io.qameta.allure.AllureLifecycle1)-Could not add attachment: no test is running
['ERROR]2025-02-23 16:14:46,621(yyyy-MM-ddHH:mm:ss.SSS][main]io.qameta.allure.AllureLifecycle1)-Could not add attachment: no test is running
['ERROR]2025-02-23 16:14:46,920(yyyy-MM-ddHH:mm:ss.SSS][main]io.qameta.allure.AllureLifecycle1)-Could not add attachment: no test is running
['INFO ]2025-02-23 16:17:17,118(yyyy-MM-ddHH:mm:ss.SSS][main]utils.LoggerLoad1)-Admin clicks on login btn
['INFO ]2025-02-23 16:17:17,468(yyyy-MM-ddHH:mm:ss.SSS][main]utils.LoggerLoad1)-Admin is on home page after Login
['INFO ]2025-02-23 16:17:20,363(yyyy-MM-ddHH:mm:ss.SSS][main]utils.LoggerLoad1)-Admin is on home page after Login
['INFO ]2025-02-23 16:17:22,026(yyyy-MM-ddHH:mm:ss.SSS][main]utils.LoggerLoad1)-Admin is in Program Page
['INFO ]2025-02-23 16:18:45,238(yyyy-MM-ddHH:mm:ss.SSS][main]utils.LoggerLoad1)-Admin clicks on login btn
['INFO ]2025-02-23 16:18:45,633(yyyy-MM-ddHH:mm:ss.SSS][main]utils.LoggerLoad1)-Admin is on home page after Login
['INFO ]2025-02-23 16:18:48,340(yyyy-MM-ddHH:mm:ss.SSS][main]utils.LoggerLoad1)-Admin is on home page after Login
['INFO ]2025-02-23 16:18:49,911(yyyy-MM-ddHH:mm:ss.SSS][main]utils.LoggerLoad1)-Admin is in Program Page
['INFO ]2025-02-23 16:22:33,132(yyyy-MM-ddHH:mm:ss.SSS][main]utils.LoggerLoad1)-Admin clicks on login btn
['INFO ]2025-02-23 16:22:33,458(yyyy-MM-ddHH:mm:ss.SSS][main]utils.LoggerLoad1)-Admin is on home page after Login
['INFO ]2025-02-23 16:22:36,354(yyyy-MM-ddHH:mm:ss.SSS][main]utils.LoggerLoad1)-Admin is on home page after Login
['INFO ]2025-02-23 16:22:37,869(yyyy-MM-ddHH:mm:ss.SSS][main]utils.LoggerLoad1)-Admin is in Program Page
['INFO ]2025-02-23 16:39:19,914(yyyy-MM-ddHH:mm:ss.SSS][main]utils.LoggerLoad1)-Admin is in Program Page
['ERROR]2025-02-23 16:39:20,823(yyyy-MM-ddHH:mm:ss.SSS][main]io.qameta.allure.AllureLifecycle1)-Could not add attachment: no test is running
['ERROR]2025-02-23 16:39:21,213(yyyy-MM-ddHH:mm:ss.SSS][main]io.qameta.allure.AllureLifecycle1)-Could not add attachment: no test is running
['ERROR]2025-02-23 16:39:21,560(yyyy-MM-ddHH:mm:ss.SSS][main]io.qameta.allure.AllureLifecycle1)-Could not add attachment: no test is running
['ERROR]2025-02-23 16:39:21,896(yyyy-MM-ddHH:mm:ss.SSS][main]io.qameta.allure.AllureLifecycle1)-Could not add attachment: no test is running
['ERROR]2025-02-23 16:39:22,240(yyyy-MM-ddHH:mm:ss.SSS][main]io.qameta.allure.AllureLifecycle1)-Could not add attachment: no test is running
['ERROR]2025-02-23 16:39:22,671(yyyy-MM-ddHH:mm:ss.SSS][main]io.qameta.allure.AllureLifecycle1)-Could not add attachment: no test is running
['ERROR]2025-02-23 16:39:22,989(yyyy-MM-ddHH:mm:ss.SSS][main]io.qameta.allure.AllureLifecycle1)-Could not add attachment: no test is running
['ERROR]2025-02-23 16:39:23,303(yyyy-MM-ddHH:mm:ss.SSS][main]io.qameta.allure.AllureLifecycle1)-Could not add attachment: no test is running
['INFO ]2025-02-23 17:25:44,483(yyyy-MM-ddHH:mm:ss.SSS][main]utils.LoggerLoad1)-Admin clicks on login btn
['INFO ]2025-02-23 17:25:44,984(yyyy-MM-ddHH:mm:ss.SSS][main]utils.LoggerLoad1)-Admin is on home page after Login
['INFO ]2025-02-23 17:25:47,647(yyyy-MM-ddHH:mm:ss.SSS][main]utils.LoggerLoad1)-Admin is on home page after Login
['INFO ]2025-02-23 17:25:49,205(yyyy-MM-ddHH:mm:ss.SSS][main]utils.LoggerLoad1)-Admin is in Program Page
['INFO ]2025-02-23 17:34:41,404(yyyy-MM-ddHH:mm:ss.SSS][main]utils.LoggerLoad1)-Admin clicks on login btn
['INFO ]2025-02-23 17:34:41,765(yyyy-MM-ddHH:mm:ss.SSS][main]utils.LoggerLoad1)-Admin is on home page after Login
['INFO ]2025-02-23 17:34:44,426(yyyy-MM-ddHH:mm:ss.SSS][main]utils.LoggerLoad1)-Admin is on home page after Login
['INFO ]2025-02-23 17:34:45,992(yyyy-MM-ddHH:mm:ss.SSS][main]utils.LoggerLoad1)-Admin is in Program Page
['INFO ]2025-02-23 17:38:00,417(yyyy-MM-ddHH:mm:ss.SSS][main]utils.LoggerLoad1)-Admin clicks on login btn
['INFO ]2025-02-23 17:38:00,909(yyyy-MM-ddHH:mm:ss.SSS][main]utils.LoggerLoad1)-Admin is on home page after Login
['INFO ]2025-02-23 17:38:03,599(yyyy-MM-ddHH:mm:ss.SSS][main]utils.LoggerLoad1)-Admin is on home page after Login
['INFO ]2025-02-23 17:38:05,301(yyyy-MM-ddHH:mm:ss.SSS][main]utils.LoggerLoad1)-Admin is in Program Page
['INFO ]2025-02-23 19:23:16,782(yyyy-MM-ddHH:mm:ss.SSS][main]utils.LoggerLoad1)-Admin is in Program Page
['ERROR]2025-02-23 19:23:17,644(yyyy-MM-ddHH:mm:ss.SSS][main]io.qameta.allure.AllureLifecycle1)-Could not add attachment: no test is running
['ERROR]2025-02-23 19:23:18,016(yyyy-MM-ddHH:mm:ss.SSS][main]io.qameta.allure.AllureLifecycle1)-Could not add attachment: no test is running
['ERROR]2025-02-23 19:23:18,384(yyyy-MM-ddHH:mm:ss.SSS][main]io.qameta.allure.AllureLifecycle1)-Could not add attachment: no test is running
['ERROR]2025-02-23 19:23:18,739(yyyy-MM-ddHH:mm:ss.SSS][main]io.qameta.allure.AllureLifecycle1)-Could not add attachment: no test is running
['ERROR]2025-02-23 19:23:19,055(yyyy-MM-ddHH:mm:ss.SSS][main]io.qameta.allure.AllureLifecycle1)-Could not add attachment: no test is running
['ERROR]2025-02-23 19:23:19,427(yyyy-MM-ddHH:mm:ss.SSS][main]io.qameta.allure.AllureLifecycle1)-Could not add attachment: no test is running
['ERROR]2025-02-23 19:23:19,747(yyyy-MM-ddHH:mm:ss.SSS][main]io.qameta.allure.AllureLifecycle1)-Could not add attachment: no test is running
['ERROR]2025-02-23 19:23:20,133(yyyy-MM-ddHH:mm:ss.SSS][main]io.qameta.allure.AllureLifecycle1)-Could not add attachment: no test is running
['INFO ]2025-02-23 20:15:34,614(yyyy-MM-ddHH:mm:ss.SSS][main]utils.LoggerLoad1)-Admin clicks on login btn
['INFO ]2025-02-23 20:15:35,198(yyyy-MM-ddHH:mm:ss.SSS][main]utils.LoggerLoad1)-Admin is on home page after Login
['INFO ]2025-02-23 20:15:37,974(yyyy-MM-ddHH:mm:ss.SSS][main]utils.LoggerLoad1)-Admin is on home page after Login
['ERROR]2025-02-23 20:22:22,930(yyyy-MM-ddHH:mm:ss.SSS][main]io.qameta.allure.AllureLifecycle1)-Could not add attachment: no test is running
['ERROR]2025-02-23 20:22:23,300(yyyy-MM-ddHH:mm:ss.SSS][main]io.qameta.allure.AllureLifecycle1)-Could not add attachment: no test is running
['ERROR]2025-02-23 20:22:23,641(yyyy-MM-ddHH:mm:ss.SSS][main]io.qameta.allure.AllureLifecycle1)-Could not add attachment: no test is running
['ERROR]2025-02-23 20:22:23,984(yyyy-MM-ddHH:mm:ss.SSS][main]io.qameta.allure.AllureLifecycle1)-Could not add attachment: no test is running
['ERROR]2025-02-23 20:22:24,278(yyyy-MM-ddHH:mm:ss.SSS][main]io.qameta.allure.AllureLifecycle1)-Could not add attachment: no test is running
['ERROR]2025-02-23 20:22:24,569(yyyy-MM-ddHH:mm:ss.SSS][main]io.qameta.allure.AllureLifecycle1)-Could not add attachment: no test is running
['ERROR]2025-02-23 20:22:24,890(yyyy-MM-ddHH:mm:ss.SSS][main]io.qameta.allure.AllureLifecycle1)-Could not add attachment: no test is running
['ERROR]2025-02-23 20:22:25,188(yyyy-MM-ddHH:mm:ss.SSS][main]io.qameta.allure.AllureLifecycle1)-Could not add attachment: no test is running
['ERROR]2025-02-23 20:22:25,509(yyyy-MM-ddHH:mm:ss.SSS][main]io.qameta.allure.AllureLifecycle1)-Could not add attachment: no test is running
['INFO ]2025-02-23 20:23:39,955(yyyy-MM-ddHH:mm:ss.SSS][main]utils.LoggerLoad1)-Admin clicks on login btn
['INFO ]2025-02-23 20:23:40,611(yyyy-MM-ddHH:mm:ss.SSS][main]utils.LoggerLoad1)-Admin is on home page after Login
['INFO ]2025-02-23 20:23:43,474(yyyy-MM-ddHH:mm:ss.SSS][main]utils.LoggerLoad1)-Admin is on home page after Login
['INFO ]2025-02-23 20:34:29,521(yyyy-MM-ddHH:mm:ss.SSS][main]utils.LoggerLoad1)-Admin clicks on login btn
['INFO ]2025-02-23 20:34:30,039(yyyy-MM-ddHH:mm:ss.SSS][main]utils.LoggerLoad1)-Admin is on home page after Login
['INFO ]2025-02-23 20:34:32,820(yyyy-MM-ddHH:mm:ss.SSS][main]utils.LoggerLoad1)-Admin is on home page after Login
['INFO ]2025-02-23 20:41:57,507(yyyy-MM-ddHH:mm:ss.SSS][main]utils.LoggerLoad1)-Admin clicks on login btn
['INFO ]2025-02-23 20:41:57,868(yyyy-MM-ddHH:mm:ss.SSS][main]utils.LoggerLoad1)-Admin is on home page after Login
['INFO ]2025-02-23 20:42:01,202(yyyy-MM-ddHH:mm:ss.SSS][main]utils.LoggerLoad1)-Admin is on home page after Login
['INFO ]2025-02-23 20:48:17,296(yyyy-MM-ddHH:mm:ss.SSS][main]utils.LoggerLoad1)-Admin clicks on login btn
['INFO ]2025-02-23 20:48:17,619(yyyy-MM-ddHH:mm:ss.SSS][main]utils.LoggerLoad1)-Admin is on home page after Login
['INFO ]2025-02-23 20:48:20,420(yyyy-MM-ddHH:mm:ss.SSS][main]utils.LoggerLoad1)-Admin is on home page after Login
['INFO ]2025-02-23 20:48:21,901(yyyy-MM-ddHH:mm:ss.SSS][main]utils.LoggerLoad1)-Admin is in Program Page
['INFO ]2025-02-23 20:53:34,543(yyyy-MM-ddHH:mm:ss.SSS][main]utils.LoggerLoad1)-Admin clicks on login btn
['INFO ]2025-02-23 20:53:35,106(yyyy-MM-ddHH:mm:ss.SSS][main]utils.LoggerLoad1)-Admin is on home page after Login
['INFO ]2025-02-23 20:53:37,922(yyyy-MM-ddHH:mm:ss.SSS][main]utils.LoggerLoad1)-Admin is on home page after Login
['INFO ]2025-02-23 20:53:39,476(yyyy-MM-ddHH:mm:ss.SSS][main]utils.LoggerLoad1)-Admin is in Program Page
['INFO ]2025-02-23 20:56:31,121(yyyy-MM-ddHH:mm:ss.SSS][main]utils.LoggerLoad1)-Admin clicks on login btn
['INFO ]2025-02-23 20:56:31,472(yyyy-MM-ddHH:mm:ss.SSS][main]utils.LoggerLoad1)-Admin is on home page after Login
['INFO ]2025-02-23 20:56:34,408(yyyy-MM-ddHH:mm:ss.SSS][main]utils.LoggerLoad1)-Admin is on home page after Login
['INFO ]2025-02-23 20:56:36,056(yyyy-MM-ddHH:mm:ss.SSS][main]utils.LoggerLoad1)-Admin is in Program Page
['INFO ]2025-02-23 21:16:30,951(yyyy-MM-ddHH:mm:ss.SSS][main]utils.LoggerLoad1)-Admin clicks on login btn
['INFO ]2025-02-23 21:16:31,359(yyyy-MM-ddHH:mm:ss.SSS][main]utils.LoggerLoad1)-Admin is on home page after Login
['INFO ]2025-02-23 21:16:33,118(yyyy-MM-ddHH:mm:ss.SSS][main]utils.LoggerLoad1)-Admin clicks on program btn
['INFO ]2025-02-23 21:16:33,176(yyyy-MM-ddHH:mm:ss.SSS][main]utils.LoggerLoad1)-Admin clicks on login btn
['INFO ]2025-02-23 21:16:33,338(yyyy-MM-ddHH:mm:ss.SSS][main]utils.LoggerLoad1)-Admin clicks on login btn
['INFO ]2025-02-23 21:16:33,465(yyyy-MM-ddHH:mm:ss.SSS][main]utils.LoggerLoad1)-Admin sees the heading Manage program
['INFO ]2025-02-23 21:16:33,567(yyyy-MM-ddHH:mm:ss.SSS][main]utils.LoggerLoad1)-Admin sees the page names in order
['INFO ]2025-02-23 21:16:33,656(yyyy-MM-ddHH:mm:ss.SSS][main]utils.LoggerLoad1)-Admin sees the page names in order
['INFO ]2025-02-23 21:16:33,771(yyyy-MM-ddHH:mm:ss.SSS][main]utils.LoggerLoad1)-Admin sees the page names in order
['INFO ]2025-02-23 21:16:33,895(yyyy-MM-ddHH:mm:ss.SSS][main]utils.LoggerLoad1)-Admin sees the page names in order
['INFO ]2025-02-23 21:16:33,985(yyyy-MM-ddHH:mm:ss.SSS][main]utils.LoggerLoad1)-Admin sees the page names in order
['INFO ]2025-02-23 21:16:34,097(yyyy-MM-ddHH:mm:ss.SSS][main]utils.LoggerLoad1)-Admin sees sub menu in menu bar
['INFO ]2025-02-23 21:16:34,140(yyyy-MM-ddHH:mm:ss.SSS][main]utils.LoggerLoad1)-Admin is on home page after Login
['INFO ]2025-02-23 21:16:34,225(yyyy-MM-ddHH:mm:ss.SSS][main]utils.LoggerLoad1)-Admin see the heading as Manage program
['INFO ]2025-02-23 21:16:34,294(yyyy-MM-ddHH:mm:ss.SSS][main]utils.LoggerLoad1)-Admin see the data table with column header names
['INFO ]2025-02-23 21:16:34,366(yyyy-MM-ddHH:mm:ss.SSS][main]utils.LoggerLoad1)-Admin see the data table with column header names
['INFO ]2025-02-23 21:16:34,431(yyyy-MM-ddHH:mm:ss.SSS][main]utils.LoggerLoad1)-Admin see the data table with column header names
['INFO ]2025-02-23 21:16:34,497(yyyy-MM-ddHH:mm:ss.SSS][main]utils.LoggerLoad1)-Admin see the data table with column header names
['INFO ]2025-02-23 21:16:34,615(yyyy-MM-ddHH:mm:ss.SSS][main]utils.LoggerLoad1)-Admin see a Delete button in left top is disabled
['INFO ]2025-02-23 21:16:35,189(yyyy-MM-ddHH:mm:ss.SSS][main]utils.LoggerLoad1)-Admin see the checkbox default state as unchecked beside Program Name column header
['INFO ]2025-02-23 21:16:35,272(yyyy-MM-ddHH:mm:ss.SSS][main]utils.LoggerLoad1)-Admin see the sort arrow icon beside to each column header except Edit and Delete
['INFO ]2025-02-23 21:16:35,354(yyyy-MM-ddHH:mm:ss.SSS][main]utils.LoggerLoad1)-Admin see the Edit and Delete buttons on each row of the data table
['INFO ]2025-02-23 21:16:35,608(yyyy-MM-ddHH:mm:ss.SSS][main]utils.LoggerLoad1)-Admin see he text along with Pagination icon below the table
['INFO ]2025-02-23 21:16:36,016(yyyy-MM-ddHH:mm:ss.SSS][main]utils.LoggerLoad1)-Admin is in Program Page
['INFO ]2025-02-23 21:31:28,408(yyyy-MM-ddHH:mm:ss.SSS][main]utils.LoggerLoad1)-Admin clicks on login btn
['INFO ]2025-02-23 21:31:28,793(yyyy-MM-ddHH:mm:ss.SSS][main]utils.LoggerLoad1)-Admin is on home page after Login
['INFO ]2025-02-23 21:31:30,925(yyyy-MM-ddHH:mm:ss.SSS][main]utils.LoggerLoad1)-Admin clicks on program btn
['INFO ]2025-02-23 21:31:31,013(yyyy-MM-ddHH:mm:ss.SSS][main]utils.LoggerLoad1)-Admin clicks on login btn
['INFO ]2025-02-23 21:31:31,131(yyyy-MM-ddHH:mm:ss.SSS][main]utils.LoggerLoad1)-Admin clicks on login btn
['INFO ]2025-02-23 21:31:31,272(yyyy-MM-ddHH:mm:ss.SSS][main]utils.LoggerLoad1)-Admin sees the heading Manage program
['INFO ]2025-02-23 21:31:31,419(yyyy-MM-ddHH:mm:ss.SSS][main]utils.LoggerLoad1)-Admin sees the page names in order
['INFO ]2025-02-23 21:31:31,528(yyyy-MM-ddHH:mm:ss.SSS][main]utils.LoggerLoad1)-Admin sees the page names in order
['INFO ]2025-02-23 21:31:31,645(yyyy-MM-ddHH:mm:ss.SSS][main]utils.LoggerLoad1)-Admin sees the page names in order
['INFO ]2025-02-23 21:31:31,782(yyyy-MM-ddHH:mm:ss.SSS][main]utils.LoggerLoad1)-Admin sees the page names in order
['INFO ]2025-02-23 21:31:31,935(yyyy-MM-ddHH:mm:ss.SSS][main]utils.LoggerLoad1)-Admin sees the page names in order
['INFO ]2025-02-23 21:31:32,047(yyyy-MM-ddHH:mm:ss.SSS][main]utils.LoggerLoad1)-Admin sees sub menu in menu bar
['INFO ]2025-02-23 21:31:32,103(yyyy-MM-ddHH:mm:ss.SSS][main]utils.LoggerLoad1)-Admin is on home page after Login
['INFO ]2025-02-23 21:31:32,204(yyyy-MM-ddHH:mm:ss.SSS][main]utils.LoggerLoad1)-Admin see the heading as Manage program
['INFO ]2025-02-23 21:31:32,279(yyyy-MM-ddHH:mm:ss.SSS][main]utils.LoggerLoad1)-Admin see the data table with column header names
['INFO ]2025-02-23 21:31:32,354(yyyy-MM-ddHH:mm:ss.SSS][main]utils.LoggerLoad1)-Admin see the data table with column header names
['INFO ]2025-02-23 21:31:32,435(yyyy-MM-ddHH:mm:ss.SSS][main]utils.LoggerLoad1)-Admin see the data table with column header names
['INFO ]2025-02-23 21:31:32,496(yyyy-MM-ddHH:mm:ss.SSS][main]utils.LoggerLoad1)-Admin see the data table with column header names
['INFO ]2025-02-23 21:31:32,612(yyyy-MM-ddHH:mm:ss.SSS][main]utils.LoggerLoad1)-Admin see a Delete button in left top is disabled
['INFO ]2025-02-23 21:31:33,202(yyyy-MM-ddHH:mm:ss.SSS][main]utils.LoggerLoad1)-Admin see the checkbox default state as unchecked beside Program Name column header
['INFO ]2025-02-23 21:31:33,329(yyyy-MM-ddHH:mm:ss.SSS][main]utils.LoggerLoad1)-Admin see the sort arrow icon beside to each column header except Edit and Delete
['INFO ]2025-02-23 21:31:33,410(yyyy-MM-ddHH:mm:ss.SSS][main]utils.LoggerLoad1)-Admin see the Edit and Delete buttons on each row of the data table
['INFO ]2025-02-23 21:31:33,659(yyyy-MM-ddHH:mm:ss.SSS][main]utils.LoggerLoad1)-Admin see he text along with Pagination icon below the table
['INFO ]2025-02-23 21:31:34,198(yyyy-MM-ddHH:mm:ss.SSS][main]utils.LoggerLoad1)-Admin is in Program Page
['INFO ]2025-02-23 21:35:22,348(yyyy-MM-ddHH:mm:ss.SSS][main]utils.LoggerLoad1)-Admin clicks on login btn
['INFO ]2025-02-23 21:35:23,079(yyyy-MM-ddHH:mm:ss.SSS][main]utils.LoggerLoad1)-Admin is on home page after Login
['INFO ]2025-02-23 21:35:24,691(yyyy-MM-ddHH:mm:ss.SSS][main]utils.LoggerLoad1)-Admin clicks on program btn
['INFO ]2025-02-23 21:35:24,725(yyyy-MM-ddHH:mm:ss.SSS][main]utils.LoggerLoad1)-Admin clicks on login btn
['INFO ]2025-02-23 21:35:24,859(yyyy-MM-ddHH:mm:ss.SSS][main]utils.LoggerLoad1)-Admin clicks on login btn
['INFO ]2025-02-23 21:35:25,013(yyyy-MM-ddHH:mm:ss.SSS][main]utils.LoggerLoad1)-Admin sees the heading Manage program
['INFO ]2025-02-23 21:35:25,126(yyyy-MM-ddHH:mm:ss.SSS][main]utils.LoggerLoad1)-Admin sees the page names in order
['INFO ]2025-02-23 21:35:25,279(yyyy-MM-ddHH:mm:ss.SSS][main]utils.LoggerLoad1)-Admin sees the page names in order
['INFO ]2025-02-23 21:35:25,417(yyyy-MM-ddHH:mm:ss.SSS][main]utils.LoggerLoad1)-Admin sees the page names in order
['INFO ]2025-02-23 21:35:25,528(yyyy-MM-ddHH:mm:ss.SSS][main]utils.LoggerLoad1)-Admin sees the page names in order
['INFO ]2025-02-23 21:35:25,624(yyyy-MM-ddHH:mm:ss.SSS][main]utils.LoggerLoad1)-Admin sees the page names in order
['INFO ]2025-02-23 21:35:25,739(yyyy-MM-ddHH:mm:ss.SSS][main]utils.LoggerLoad1)-Admin sees sub menu in menu bar
['INFO ]2025-02-23 21:35:25,778(yyyy-MM-ddHH:mm:ss.SSS][main]utils.LoggerLoad1)-Admin is on home page after Login
['INFO ]2025-02-23 21:35:25,853(yyyy-MM-ddHH:mm:ss.SSS][main]utils.LoggerLoad1)-Admin see the heading as Manage program
['INFO ]2025-02-23 21:35:25,976(yyyy-MM-ddHH:mm:ss.SSS][main]utils.LoggerLoad1)-Admin see the data table with column header names
['INFO ]2025-02-23 21:35:26,069(yyyy-MM-ddHH:mm:ss.SSS][main]utils.LoggerLoad1)-Admin see the data table with column header names
['INFO ]2025-02-23 21:35:26,160(yyyy-MM-ddHH:mm:ss.SSS][main]utils.LoggerLoad1)-Admin see the data table with column header names
['INFO ]2025-02-23 21:35:26,240(yyyy-MM-ddHH:mm:ss.SSS][main]utils.LoggerLoad1)-Admin see the data table with column header names
['INFO ]2025-02-23 21:35:26,350(yyyy-MM-ddHH:mm:ss.SSS][main]utils.LoggerLoad1)-Admin see a Delete button in left top is disabled
['INFO ]2025-02-23 21:35:26,945(yyyy-MM-ddHH:mm:ss.SSS][main]utils.LoggerLoad1)-Admin see the checkbox default state as unchecked beside Program Name column header
['INFO ]2025-02-23 21:35:27,040(yyyy-MM-ddHH:mm:ss.SSS][main]utils.LoggerLoad1)-Admin see the sort arrow icon beside to each column header except Edit and Delete
['INFO ]2025-02-23 21:35:27,177(yyyy-MM-ddHH:mm:ss.SSS][main]utils.LoggerLoad1)-Admin see the Edit and Delete buttons on each row of the data table
['INFO ]2025-02-23 21:35:27,372(yyyy-MM-ddHH:mm:ss.SSS][main]utils.LoggerLoad1)-Admin see he text along with Pagination icon below the table
['INFO ]2025-02-23 21:35:27,855(yyyy-MM-ddHH:mm:ss.SSS][main]utils.LoggerLoad1)-Admin is in Program Page
['INFO ]2025-02-23 21:45:26,936(yyyy-MM-ddHH:mm:ss.SSS][main]utils.LoggerLoad1)-Admin clicks on login btn
['INFO ]2025-02-23 21:45:27,377(yyyy-MM-ddHH:mm:ss.SSS][main]utils.LoggerLoad1)-Admin is on home page after Login
['INFO ]2025-02-23 21:45:29,123(yyyy-MM-ddHH:mm:ss.SSS][main]utils.LoggerLoad1)-Admin clicks on program btn
['INFO ]2025-02-23 21:45:29,143(yyyy-MM-ddHH:mm:ss.SSS][main]utils.LoggerLoad1)-Admin clicks on login btn
['INFO ]2025-02-23 21:45:29,459(yyyy-MM-ddHH:mm:ss.SSS][main]utils.LoggerLoad1)-Admin clicks on login btn
['INFO ]2025-02-23 21:45:29,583(yyyy-MM-ddHH:mm:ss.SSS][main]utils.LoggerLoad1)-Admin sees the heading Manage program
['INFO ]2025-02-23 21:45:29,728(yyyy-MM-ddHH:mm:ss.SSS][main]utils.LoggerLoad1)-Admin sees the page names in order
['INFO ]2025-02-23 21:45:29,867(yyyy-MM-ddHH:mm:ss.SSS][main]utils.LoggerLoad1)-Admin sees the page names in order
['INFO ]2025-02-23 21:45:29,978(yyyy-MM-ddHH:mm:ss.SSS][main]utils.LoggerLoad1)-Admin sees the page names in order
['INFO ]2025-02-23 21:45:30,097(yyyy-MM-ddHH:mm:ss.SSS][main]utils.LoggerLoad1)-Admin sees the page names in order
['INFO ]2025-02-23 21:45:30,198(yyyy-MM-ddHH:mm:ss.SSS][main]utils.LoggerLoad1)-Admin sees the page names in order
['INFO ]2025-02-23 21:45:30,353(yyyy-MM-ddHH:mm:ss.SSS][main]utils.LoggerLoad1)-Admin sees sub menu in menu bar
['INFO ]2025-02-23 21:45:30,382(yyyy-MM-ddHH:mm:ss.SSS][main]utils.LoggerLoad1)-Admin is on home page after Login
['INFO ]2025-02-23 21:45:30,464(yyyy-MM-ddHH:mm:ss.SSS][main]utils.LoggerLoad1)-Admin see the heading as Manage program
['INFO ]2025-02-23 21:45:30,539(yyyy-MM-ddHH:mm:ss.SSS][main]utils.LoggerLoad1)-Admin see the data table with column header names
['INFO ]2025-02-23 21:45:30,637(yyyy-MM-ddHH:mm:ss.SSS][main]utils.LoggerLoad1)-Admin see the data table with column header names
['INFO ]2025-02-23 21:45:30,709(yyyy-MM-ddHH:mm:ss.SSS][main]utils.LoggerLoad1)-Admin see the data table with column header names
['INFO ]2025-02-23 21:45:30,777(yyyy-MM-ddHH:mm:ss.SSS][main]utils.LoggerLoad1)-Admin see the data table with column header names
['INFO ]2025-02-23 21:45:30,880(yyyy-MM-ddHH:mm:ss.SSS][main]utils.LoggerLoad1)-Admin see a Delete button in left top is disabled
['INFO ]2025-02-23 21:45:31,670(yyyy-MM-ddHH:mm:ss.SSS][main]utils.LoggerLoad1)-Admin see the checkbox default state as unchecked beside Program Name column header
['INFO ]2025-02-23 21:45:31,787(yyyy-MM-ddHH:mm:ss.SSS][main]utils.LoggerLoad1)-Admin see the sort arrow icon beside to each column header except Edit and Delete
['INFO ]2025-02-23 21:45:31,893(yyyy-MM-ddHH:mm:ss.SSS][main]utils.LoggerLoad1)-Admin see the Edit and Delete buttons on each row of the data table
['INFO ]2025-02-23 21:45:32,187(yyyy-MM-ddHH:mm:ss.SSS][main]utils.LoggerLoad1)-Admin see he text along with Pagination icon below the table
['INFO ]2025-02-23 21:45:32,645(yyyy-MM-ddHH:mm:ss.SSS][main]utils.LoggerLoad1)-Admin is in Program Page
['INFO ]2025-02-23 21:56:36,655(yyyy-MM-ddHH:mm:ss.SSS][main]utils.LoggerLoad1)-Admin clicks on login btn
['INFO ]2025-02-23 21:56:37,133(yyyy-MM-ddHH:mm:ss.SSS][main]utils.LoggerLoad1)-Admin is on home page after Login
['INFO ]2025-02-23 21:56:38,623(yyyy-MM-ddHH:mm:ss.SSS][main]utils.LoggerLoad1)-Admin clicks on program btn
['INFO ]2025-02-23 21:56:38,714(yyyy-MM-ddHH:mm:ss.SSS][main]utils.LoggerLoad1)-Admin clicks on login btn
['INFO ]2025-02-23 21:56:38,874(yyyy-MM-ddHH:mm:ss.SSS][main]utils.LoggerLoad1)-Admin clicks on login btn
['INFO ]2025-02-23 21:56:38,962(yyyy-MM-ddHH:mm:ss.SSS][main]utils.LoggerLoad1)-Admin sees the heading Manage program
['INFO ]2025-02-23 21:56:39,119(yyyy-MM-ddHH:mm:ss.SSS][main]utils.LoggerLoad1)-Admin sees the page names in order
['INFO ]2025-02-23 21:56:39,240(yyyy-MM-ddHH:mm:ss.SSS][main]utils.LoggerLoad1)-Admin sees the page names in order
['INFO ]2025-02-23 21:56:39,334(yyyy-MM-ddHH:mm:ss.SSS][main]utils.LoggerLoad1)-Admin sees the page names in order
['INFO ]2025-02-23 21:56:39,452(yyyy-MM-ddHH:mm:ss.SSS][main]utils.LoggerLoad1)-Admin sees the page names in order
['INFO ]2025-02-23 21:56:39,543(yyyy-MM-ddHH:mm:ss.SSS][main]utils.LoggerLoad1)-Admin sees the page names in order
['INFO ]2025-02-23 21:56:39,650(yyyy-MM-ddHH:mm:ss.SSS][main]utils.LoggerLoad1)-Admin sees sub menu in menu bar
['INFO ]2025-02-23 21:56:39,685(yyyy-MM-ddHH:mm:ss.SSS][main]utils.LoggerLoad1)-Admin is on home page after Login
['INFO ]2025-02-23 21:56:39,771(yyyy-MM-ddHH:mm:ss.SSS][main]utils.LoggerLoad1)-Admin see the heading as Manage program
['INFO ]2025-02-23 21:56:39,857(yyyy-MM-ddHH:mm:ss.SSS][main]utils.LoggerLoad1)-Admin see the data table with column header names
['INFO ]2025-02-23 21:56:39,935(yyyy-MM-ddHH:mm:ss.SSS][main]utils.LoggerLoad1)-Admin see the data table with column header names
['INFO ]2025-02-23 21:56:40,007(yyyy-MM-ddHH:mm:ss.SSS][main]utils.LoggerLoad1)-Admin see the data table with column header names
['INFO ]2025-02-23 21:56:40,083(yyyy-MM-ddHH:mm:ss.SSS][main]utils.LoggerLoad1)-Admin see the data table with column header names
['INFO ]2025-02-23 21:56:40,184(yyyy-MM-ddHH:mm:ss.SSS][main]utils.LoggerLoad1)-Admin see a Delete button in left top is disabled
['INFO ]2025-02-23 21:56:40,703(yyyy-MM-ddHH:mm:ss.SSS][main]utils.LoggerLoad1)-Admin see the checkbox default state as unchecked beside Program Name column header
['INFO ]2025-02-23 21:56:40,892(yyyy-MM-ddHH:mm:ss.SSS][main]utils.LoggerLoad1)-Admin see the sort arrow icon beside to each column header except Edit and Delete
['INFO ]2025-02-23 21:56:40,976(yyyy-MM-ddHH:mm:ss.SSS][main]utils.LoggerLoad1)-Admin see the Edit and Delete buttons on each row of the data table
['INFO ]2025-02-23 21:56:41,212(yyyy-MM-ddHH:mm:ss.SSS][main]utils.LoggerLoad1)-Admin see he text along with Pagination icon below the table
['INFO ]2025-02-23 21:56:41,636(yyyy-MM-ddHH:mm:ss.SSS][main]utils.LoggerLoad1)-Admin is in Program Page
['INFO ]2025-02-23 22:07:04,463(yyyy-MM-ddHH:mm:ss.SSS][main]utils.LoggerLoad1)-Admin clicks on login btn
['INFO ]2025-02-23 22:07:04,782(yyyy-MM-ddHH:mm:ss.SSS][main]utils.LoggerLoad1)-Admin is on home page after Login
['INFO ]2025-02-23 22:07:06,682(yyyy-MM-ddHH:mm:ss.SSS][main]utils.LoggerLoad1)-Admin clicks on program btn
['INFO ]2025-02-23 22:07:06,752(yyyy-MM-ddHH:mm:ss.SSS][main]utils.LoggerLoad1)-Admin clicks on login btn
['INFO ]2025-02-23 22:07:06,932(yyyy-MM-ddHH:mm:ss.SSS][main]utils.LoggerLoad1)-Admin clicks on login btn
['INFO ]2025-02-23 22:07:07,028(yyyy-MM-ddHH:mm:ss.SSS][main]utils.LoggerLoad1)-Admin sees the heading Manage program
['INFO ]2025-02-23 22:07:07,143(yyyy-MM-ddHH:mm:ss.SSS][main]utils.LoggerLoad1)-Admin sees the page names in order
['INFO ]2025-02-23 22:07:07,257(yyyy-MM-ddHH:mm:ss.SSS][main]utils.LoggerLoad1)-Admin sees the page names in order
['INFO ]2025-02-23 22:07:07,370(yyyy-MM-ddHH:mm:ss.SSS][main]utils.LoggerLoad1)-Admin sees the page names in order
['INFO ]2025-02-23 22:07:07,484(yyyy-MM-ddHH:mm:ss.SSS][main]utils.LoggerLoad1)-Admin sees the page names in order
['INFO ]2025-02-23 22:07:07,570(yyyy-MM-ddHH:mm:ss.SSS][main]utils.LoggerLoad1)-Admin sees the page names in order
['INFO ]2025-02-23 22:07:07,691(yyyy-MM-ddHH:mm:ss.SSS][main]utils.LoggerLoad1)-Admin sees sub menu in menu bar
['INFO ]2025-02-23 22:07:07,730(yyyy-MM-ddHH:mm:ss.SSS][main]utils.LoggerLoad1)-Admin is on home page after Login
['INFO ]2025-02-23 22:07:07,816(yyyy-MM-ddHH:mm:ss.SSS][main]utils.LoggerLoad1)-Admin see the heading as Manage program
['INFO ]2025-02-23 22:07:07,882(yyyy-MM-ddHH:mm:ss.SSS][main]utils.LoggerLoad1)-Admin see the data table with column header names
['INFO ]2025-02-23 22:07:07,947(yyyy-MM-ddHH:mm:ss.SSS][main]utils.LoggerLoad1)-Admin see the data table with column header names
['INFO ]2025-02-23 22:07:08,012(yyyy-MM-ddHH:mm:ss.SSS][main]utils.LoggerLoad1)-Admin see the data table with column header names
['INFO ]2025-02-23 22:07:08,080(yyyy-MM-ddHH:mm:ss.SSS][main]utils.LoggerLoad1)-Admin see the data table with column header names
['INFO ]2025-02-23 22:07:08,190(yyyy-MM-ddHH:mm:ss.SSS][main]utils.LoggerLoad1)-Admin see a Delete button in left top is disabled
['INFO ]2025-02-23 22:07:08,781(yyyy-MM-ddHH:mm:ss.SSS][main]utils.LoggerLoad1)-Admin see the checkbox default state as unchecked beside Program Name column header
['INFO ]2025-02-23 22:07:08,864(yyyy-MM-ddHH:mm:ss.SSS][main]utils.LoggerLoad1)-Admin see the sort arrow icon beside to each column header except Edit and Delete
['INFO ]2025-02-23 22:07:08,957(yyyy-MM-ddHH:mm:ss.SSS][main]utils.LoggerLoad1)-Admin see the Edit and Delete buttons on each row of the data table
['INFO ]2025-02-23 22:07:09,274(yyyy-MM-ddHH:mm:ss.SSS][main]utils.LoggerLoad1)-Admin see he text along with Pagination icon below the table
['INFO ]2025-02-23 22:07:09,709(yyyy-MM-ddHH:mm:ss.SSS][main]utils.LoggerLoad1)-Admin is in Program Page
['INFO ]2025-02-23 22:09:14,739(yyyy-MM-ddHH:mm:ss.SSS][main]utils.LoggerLoad1)-Admin clicks on login btn
['INFO ]2025-02-23 22:09:15,226(yyyy-MM-ddHH:mm:ss.SSS][main]utils.LoggerLoad1)-Admin is on home page after Login
['INFO ]2025-02-23 22:09:16,918(yyyy-MM-ddHH:mm:ss.SSS][main]utils.LoggerLoad1)-Admin clicks on program btn
['INFO ]2025-02-23 22:09:16,960(yyyy-MM-ddHH:mm:ss.SSS][main]utils.LoggerLoad1)-Admin clicks on login btn
['INFO ]2025-02-23 22:09:17,161(yyyy-MM-ddHH:mm:ss.SSS][main]utils.LoggerLoad1)-Admin clicks on login btn
['INFO ]2025-02-23 22:09:17,272(yyyy-MM-ddHH:mm:ss.SSS][main]utils.LoggerLoad1)-Admin sees the heading Manage program
['INFO ]2025-02-23 22:09:17,404(yyyy-MM-ddHH:mm:ss.SSS][main]utils.LoggerLoad1)-Admin sees the page names in order
['INFO ]2025-02-23 22:09:17,509(yyyy-MM-ddHH:mm:ss.SSS][main]utils.LoggerLoad1)-Admin sees the page names in order
['INFO ]2025-02-23 22:09:17,612(yyyy-MM-ddHH:mm:ss.SSS][main]utils.LoggerLoad1)-Admin sees the page names in order
['INFO ]2025-02-23 22:09:17,731(yyyy-MM-ddHH:mm:ss.SSS][main]utils.LoggerLoad1)-Admin sees the page names in order
['INFO ]2025-02-23 22:09:17,810(yyyy-MM-ddHH:mm:ss.SSS][main]utils.LoggerLoad1)-Admin sees the page names in order
['INFO ]2025-02-23 22:09:17,943(yyyy-MM-ddHH:mm:ss.SSS][main]utils.LoggerLoad1)-Admin sees sub menu in menu bar
['INFO ]2025-02-23 22:09:18,000(yyyy-MM-ddHH:mm:ss.SSS][main]utils.LoggerLoad1)-Admin is on home page after Login
['INFO ]2025-02-23 22:09:18,073(yyyy-MM-ddHH:mm:ss.SSS][main]utils.LoggerLoad1)-Admin see the heading as Manage program
['INFO ]2025-02-23 22:09:18,151(yyyy-MM-ddHH:mm:ss.SSS][main]utils.LoggerLoad1)-Admin see the data table with column header names
['INFO ]2025-02-23 22:09:18,236(yyyy-MM-ddHH:mm:ss.SSS][main]utils.LoggerLoad1)-Admin see the data table with column header names
['INFO ]2025-02-23 22:09:18,311(yyyy-MM-ddHH:mm:ss.SSS][main]utils.LoggerLoad1)-Admin see the data table with column header names
['INFO ]2025-02-23 22:09:18,377(yyyy-MM-ddHH:mm:ss.SSS][main]utils.LoggerLoad1)-Admin see the data table with column header names
['INFO ]2025-02-23 22:09:18,490(yyyy-MM-ddHH:mm:ss.SSS][main]utils.LoggerLoad1)-Admin see a Delete button in left top is disabled
['INFO ]2025-02-23 22:09:19,075(yyyy-MM-ddHH:mm:ss.SSS][main]utils.LoggerLoad1)-Admin see the checkbox default state as unchecked beside Program Name column header
['INFO ]2025-02-23 22:09:19,192(yyyy-MM-ddHH:mm:ss.SSS][main]utils.LoggerLoad1)-Admin see the sort arrow icon beside to each column header except Edit and Delete
['INFO ]2025-02-23 22:09:19,297(yyyy-MM-ddHH:mm:ss.SSS][main]utils.LoggerLoad1)-Admin see the Edit and Delete buttons on each row of the data table
['INFO ]2025-02-23 22:09:19,545(yyyy-MM-ddHH:mm:ss.SSS][main]utils.LoggerLoad1)-Admin see he text along with Pagination icon below the table
['INFO ]2025-02-23 22:09:19,996(yyyy-MM-ddHH:mm:ss.SSS][main]utils.LoggerLoad1)-Admin is in Program Page
['INFO ]2025-02-23 22:11:56,575(yyyy-MM-ddHH:mm:ss.SSS][main]utils.LoggerLoad1)-Admin clicks on login btn
['INFO ]2025-02-23 22:11:56,876(yyyy-MM-ddHH:mm:ss.SSS][main]utils.LoggerLoad1)-Admin is on home page after Login
['INFO ]2025-02-23 22:11:58,700(yyyy-MM-ddHH:mm:ss.SSS][main]utils.LoggerLoad1)-Admin clicks on program btn
['INFO ]2025-02-23 22:11:58,719(yyyy-MM-ddHH:mm:ss.SSS][main]utils.LoggerLoad1)-Admin clicks on login btn
['INFO ]2025-02-23 22:11:58,909(yyyy-MM-ddHH:mm:ss.SSS][main]utils.LoggerLoad1)-Admin clicks on login btn
['INFO ]2025-02-23 22:11:59,079(yyyy-MM-ddHH:mm:ss.SSS][main]utils.LoggerLoad1)-Admin sees the heading Manage program
['INFO ]2025-02-23 22:11:59,206(yyyy-MM-ddHH:mm:ss.SSS][main]utils.LoggerLoad1)-Admin sees the page names in order
['INFO ]2025-02-23 22:11:59,321(yyyy-MM-ddHH:mm:ss.SSS][main]utils.LoggerLoad1)-Admin sees the page names in order
['INFO ]2025-02-23 22:11:59,443(yyyy-MM-ddHH:mm:ss.SSS][main]utils.LoggerLoad1)-Admin sees the page names in order
['INFO ]2025-02-23 22:11:59,549(yyyy-MM-ddHH:mm:ss.SSS][main]utils.LoggerLoad1)-Admin sees the page names in order
['INFO ]2025-02-23 22:11:59,648(yyyy-MM-ddHH:mm:ss.SSS][main]utils.LoggerLoad1)-Admin sees the page names in order
['INFO ]2025-02-23 22:11:59,774(yyyy-MM-ddHH:mm:ss.SSS][main]utils.LoggerLoad1)-Admin sees sub menu in menu bar
['INFO ]2025-02-23 22:11:59,805(yyyy-MM-ddHH:mm:ss.SSS][main]utils.LoggerLoad1)-Admin is on home page after Login
['INFO ]2025-02-23 22:11:59,869(yyyy-MM-ddHH:mm:ss.SSS][main]utils.LoggerLoad1)-Admin see the heading as Manage program
['INFO ]2025-02-23 22:11:59,954(yyyy-MM-ddHH:mm:ss.SSS][main]utils.LoggerLoad1)-Admin see the data table with column header names
['INFO ]2025-02-23 22:12:00,028(yyyy-MM-ddHH:mm:ss.SSS][main]utils.LoggerLoad1)-Admin see the data table with column header names
['INFO ]2025-02-23 22:12:00,118(yyyy-MM-ddHH:mm:ss.SSS][main]utils.LoggerLoad1)-Admin see the data table with column header names
['INFO ]2025-02-23 22:12:00,219(yyyy-MM-ddHH:mm:ss.SSS][main]utils.LoggerLoad1)-Admin see the data table with column header names
['INFO ]2025-02-23 22:12:00,318(yyyy-MM-ddHH:mm:ss.SSS][main]utils.LoggerLoad1)-Admin see a Delete button in left top is disabled
['INFO ]2025-02-23 22:12:00,913(yyyy-MM-ddHH:mm:ss.SSS][main]utils.LoggerLoad1)-Admin see the checkbox default state as unchecked beside Program Name column header
['INFO ]2025-02-23 22:12:01,012(yyyy-MM-ddHH:mm:ss.SSS][main]utils.LoggerLoad1)-Admin see the sort arrow icon beside to each column header except Edit and Delete
['INFO ]2025-02-23 22:12:01,136(yyyy-MM-ddHH:mm:ss.SSS][main]utils.LoggerLoad1)-Admin see the Edit and Delete buttons on each row of the data table
['INFO ]2025-02-23 22:12:01,375(yyyy-MM-ddHH:mm:ss.SSS][main]utils.LoggerLoad1)-Admin see he text along with Pagination icon below the table
['INFO ]2025-02-23 22:12:01,816(yyyy-MM-ddHH:mm:ss.SSS][main]utils.LoggerLoad1)-Admin is in Program Page
